2024-04-26 08:32:06.693 +0000 [info] [] Start
2024-04-26 08:32:06.693 +0000 [error] [benchmark_io 002] readv: Connection reset by peer
2024-04-26 08:32:06.694 +0000 [error] [benchmark_io 119] format error
2024-04-26 08:39:52.695 +0000 [error] [benchmark_io 090] poll: Connection timed out
2024-04-26 08:39:57.694 +0000 [error] [benchmark_io 091] poll: Connection timed out
2024-04-26 08:40:02.694 +0000 [error] [benchmark_io 092] poll: Connection timed out
2024-04-26 08:40:07.695 +0000 [error] [benchmark_io 093] poll: Connection timed out
2024-04-26 08:40:12.694 +0000 [error] [benchmark_io 094] poll: Connection timed out
2024-04-26 08:40:17.694 +0000 [error] [benchmark_io 095] poll: Connection timed out
2024-04-26 08:40:22.694 +0000 [error] [benchmark_io 096] poll: Connection timed out
2024-04-26 08:40:27.694 +0000 [error] [benchmark_io 097] poll: Connection timed out
2024-04-26 08:40:32.694 +0000 [error] [benchmark_io 098] poll: Connection timed out
2024-04-26 08:40:37.694 +0000 [error] [benchmark_io 099] poll: Connection timed out
2024-04-26 08:40:42.694 +0000 [error] [benchmark_io 100] poll: Connection timed out
2024-04-26 08:40:47.694 +0000 [error] [benchmark_io 101] poll: Connection timed out
2024-04-26 08:40:52.694 +0000 [error] [benchmark_io 102] poll: Connection timed out
2024-04-26 08:40:57.694 +0000 [error] [benchmark_io 103] poll: Connection timed out
2024-04-26 08:41:02.694 +0000 [error] [benchmark_io 104] poll: Connection timed out
2024-04-26 08:41:07.695 +0000 [error] [benchmark_io 105] poll: Connection timed out
2024-04-26 08:41:12.694 +0000 [error] [benchmark_io 106] poll: Connection timed out
2024-04-26 08:41:17.695 +0000 [error] [benchmark_io 107] poll: Connection timed out
2024-04-26 08:41:22.693 +0000 [error] [benchmark_io 108] poll: Connection timed out
2024-04-26 08:41:27.694 +0000 [error] [benchmark_io 109] poll: Connection timed out
2024-04-26 08:41:32.694 +0000 [error] [benchmark_io 110] poll: Connection timed out
2024-04-26 08:41:37.695 +0000 [error] [benchmark_io 111] poll: Connection timed out
2024-04-26 08:41:42.694 +0000 [error] [benchmark_io 112] poll: Connection timed out
2024-04-26 08:41:47.694 +0000 [error] [benchmark_io 113] poll: Connection timed out
2024-04-26 08:41:52.695 +0000 [error] [benchmark_io 114] poll: Connection timed out
2024-04-26 08:41:57.694 +0000 [error] [benchmark_io 115] poll: Connection timed out
2024-04-26 08:42:02.694 +0000 [error] [benchmark_io 116] poll: Connection timed out
2024-04-26 08:42:07.695 +0000 [error] [benchmark_io 117] poll: Connection timed out
2024-04-26 08:42:12.694 +0000 [error] [benchmark_io 118] poll: Connection timed out
2024-04-26 08:42:12.715 +0000 [error] [benchmark_io stream_method brief_logger] bq_sleep: Operation canceled
2024-04-26 08:42:12.716 +0000 [error] [monitor_io] bq_sleep: Operation canceled
2024-04-26 08:42:12.716 +0000 [error] [phantom_logger] bq_sleep: Operation canceled
2024-04-26 08:42:12.716 +0000 [error] [monitor_io] bq_sleep: Operation canceled
2024-04-26 08:42:12.716 +0000 [info] [] Exit
