2024-04-26 08:32:06,641 [INFO] root tankworker.py:153	Log file created
2024-04-26 08:32:06,641 [INFO] root tankworker.py:157	Logging handler <FileHandler /var/loadtest/tank_errors.log (WARNING)> added
2024-04-26 08:32:06,641 [INFO] root tankworker.py:157	Logging handler <StreamHandler <stdout> (INFO)> added
2024-04-26 08:32:06,642 [INFO] root tankworker.py:157	Logging handler <StreamHandler <stderr> (NOTSET)> added
2024-04-26 08:32:06,648 [INFO] root tankworker.py:69	Created a folder for the test. /var/loadtest/logs/2024-04-26_08-32-06.626072
2024-04-26 08:32:06,648 [INFO] yandextank.core.tankcore tankcore.py:254	Configuring plugins...
2024-04-26 08:32:06,648 [INFO] yandextank.core.tankcore tankcore.py:205	Loading plugins...
2024-04-26 08:32:06,649 [INFO] yandextank.core.tankcore tankcore.py:215	Trying to import module: autostop
2024-04-26 08:32:06,649 [INFO] yandextank.core.tankcore tankcore.py:216	Path: yandextank.plugins.Autostop
2024-04-26 08:32:06,649 [INFO] yandextank.core.tankcore tankcore.py:215	Trying to import module: console
2024-04-26 08:32:06,649 [INFO] yandextank.core.tankcore tankcore.py:216	Path: yandextank.plugins.Console
2024-04-26 08:32:06,649 [INFO] yandextank.core.tankcore tankcore.py:215	Trying to import module: json_report
2024-04-26 08:32:06,649 [INFO] yandextank.core.tankcore tankcore.py:216	Path: yandextank.plugins.JsonReport
2024-04-26 08:32:06,649 [INFO] yandextank.core.tankcore tankcore.py:215	Trying to import module: phantom
2024-04-26 08:32:06,649 [INFO] yandextank.core.tankcore tankcore.py:216	Path: yandextank.plugins.Phantom
2024-04-26 08:32:06,650 [INFO] yandextank.core.tankcore tankcore.py:215	Trying to import module: rcheck
2024-04-26 08:32:06,650 [INFO] yandextank.core.tankcore tankcore.py:216	Path: yandextank.plugins.ResourceCheck
2024-04-26 08:32:06,650 [INFO] yandextank.core.tankcore tankcore.py:215	Trying to import module: shellexec
2024-04-26 08:32:06,650 [INFO] yandextank.core.tankcore tankcore.py:216	Path: yandextank.plugins.ShellExec
2024-04-26 08:32:06,650 [INFO] yandextank.core.tankcore tankcore.py:215	Trying to import module: rcassert
2024-04-26 08:32:06,650 [INFO] yandextank.core.tankcore tankcore.py:216	Path: yandextank.plugins.RCAssert
2024-04-26 08:32:06,652 [INFO] yandextank.common.util util.py:578	Testing connection to resolved address 127.0.0.1 and port 8000
2024-04-26 08:32:06,652 [INFO] yandextank.plugins.Phantom.utils utils.py:277	Resolved localhost into 127.0.0.1:8000
2024-04-26 08:32:06,652 [INFO] yandextank.stepper.main main.py:197	Configuring StepperWrapper...
2024-04-26 08:32:06,653 [INFO] yandextank.stepper.main main.py:336	Making stpd-file: /var/loadtest/logs/ammo.txt_d00f68122c326ef4d5ec6db676114ab1.stpd
2024-04-26 08:32:06,653 [INFO] yandextank.stepper.config config.py:76	Default ammo type ('phantom') used, use 'phantom.ammo_type' option to override it
2024-04-26 08:32:06,653 [INFO] yandextank.stepper.config config.py:76	Default ammo type ('phantom') used, use 'phantom.ammo_type' option to override it
2024-04-26 08:32:06,653 [INFO] yandextank.stepper.missile missile.py:95	Loading ammo from 'ammo.txt'
2024-04-26 08:32:06,653 [INFO] yandextank.stepper.config config.py:126	Using AmmoFileReader ammo reader
2024-04-26 08:32:06,676 [INFO] yandextank.core.tankcore tankcore.py:268	Preparing test...
2024-04-26 08:32:06,682 [INFO] yandextank.common.interfaces plugin.py:38	Checking tank resources...
2024-04-26 08:32:06,686 [INFO] yandextank.core.tankcore tankcore.py:278	Starting test...
2024-04-26 08:32:06,687 [INFO] yandextank.aggregator.tank_aggregator tank_aggregator.py:65	using verbose histogram
2024-04-26 08:32:06,688 [INFO] yandextank.core.tankcore tankcore.py:285	Plugin plugin_autostop required 0.000004 seconds to start
2024-04-26 08:32:06,688 [INFO] yandextank.core.tankcore tankcore.py:285	Plugin plugin_console required 0.000003 seconds to start
2024-04-26 08:32:06,688 [INFO] yandextank.core.tankcore tankcore.py:285	Plugin plugin_json_report required 0.000002 seconds to start
2024-04-26 08:32:06,691 [INFO] yandextank.core.tankcore tankcore.py:285	Plugin plugin_phantom required 0.002604 seconds to start
2024-04-26 08:32:06,691 [INFO] yandextank.core.tankcore tankcore.py:285	Plugin plugin_rcheck required 0.000009 seconds to start
2024-04-26 08:32:06,691 [INFO] yandextank.core.tankcore tankcore.py:285	Plugin plugin_shellexec required 0.000005 seconds to start
2024-04-26 08:32:06,691 [INFO] yandextank.core.tankcore tankcore.py:285	Plugin plugin_rcassert required 0.000001 seconds to start
2024-04-26 08:32:06,692 [INFO] yandextank.core.tankcore tankcore.py:294	Waiting for test to finish...
2024-04-26 08:32:06,692 [INFO] yandextank.core.tankcore tankcore.py:295	Artifacts dir: /var/loadtest/logs/2024-04-26_08-32-06.626072
2024-04-26 08:42:12,960 [INFO] yandextank.plugins.Phantom.plugin plugin.py:155	Phantom done its work with exit code: 0
2024-04-26 08:42:44,498 [WARNING] yandextank.aggregator.aggregator aggregator.py:140	Data poller has been receiving no data for 31.0 seconds.
Closing data poller
2024-04-26 08:42:44,529 [WARNING] yandextank.aggregator.aggregator aggregator.py:140	Data poller has been receiving no data for 31.0 seconds.
Closing data poller
2024-04-26 08:47:21,472 [INFO] yandextank.core.tankcore tankcore.py:331	Finishing test...
2024-04-26 08:47:21,472 [INFO] yandextank.core.tankcore tankcore.py:334	Stopping load generator and aggregator
2024-04-26 08:47:21,472 [INFO] yandextank.aggregator.tank_aggregator tank_aggregator.py:126	Closing stats reader
2024-04-26 08:47:21,472 [INFO] yandextank.aggregator.tank_aggregator tank_aggregator.py:129	Waiting for gun drain to finish
2024-04-26 08:47:21,472 [INFO] yandextank.aggregator.tank_aggregator tank_aggregator.py:131	Waiting for stats drain to finish
2024-04-26 08:47:21,473 [INFO] yandextank.aggregator.tank_aggregator tank_aggregator.py:133	Collecting remaining data
2024-04-26 08:47:21,474 [INFO] yandextank.aggregator.tank_aggregator tank_aggregator.py:111	Timestamps without stats:
2024-04-26 08:47:21,475 [INFO] yandextank.aggregator.tank_aggregator tank_aggregator.py:113	1714120932
2024-04-26 08:47:21,476 [INFO] yandextank.core.tankcore tankcore.py:338	Stopping monitoring
2024-04-26 08:47:21,476 [INFO] yandextank.core.tankcore tankcore.py:361	Post-processing test...
2024-04-26 08:47:21,477 [INFO] yandextank.common.util util.py:816	Trying to clean up
2024-04-26 08:47:21,477 [INFO] yandextank.core.tankcore tankcore.py:562	Cleaning up plugin plugin_autostop
2024-04-26 08:47:21,477 [INFO] yandextank.core.tankcore tankcore.py:562	Cleaning up plugin plugin_console
2024-04-26 08:47:21,477 [INFO] yandextank.core.tankcore tankcore.py:562	Cleaning up plugin plugin_json_report
2024-04-26 08:47:21,477 [INFO] yandextank.core.tankcore tankcore.py:562	Cleaning up plugin plugin_phantom
2024-04-26 08:47:21,477 [INFO] yandextank.core.tankcore tankcore.py:562	Cleaning up plugin plugin_rcheck
2024-04-26 08:47:21,477 [INFO] yandextank.core.tankcore tankcore.py:562	Cleaning up plugin plugin_shellexec
2024-04-26 08:47:21,477 [INFO] yandextank.core.tankcore tankcore.py:562	Cleaning up plugin plugin_rcassert
2024-04-26 08:47:21,477 [INFO] yandextank.core.tankcore tankcore.py:630	Releasing lock: /var/lock/lunapark_axfafr52.lock
2024-04-26 08:47:21,479 [INFO] yandextank.core.tankcore tankcore.py:405	Artifacts dir: /var/loadtest/logs/2024-04-26_08-32-06.626072
2024-04-26 08:47:21,479 [INFO] yandextank.core.tankcore tankcore.py:461	File not found to collect: validation_error.yaml
2024-04-26 08:47:21,479 [INFO] yandextank.core.tankcore tankcore.py:466	File already exists: /var/loadtest/logs/2024-04-26_08-32-06.626072/answ_3ss466gd.log
2024-04-26 08:47:21,479 [INFO] yandextank.core.tankcore tankcore.py:466	File already exists: /var/loadtest/logs/2024-04-26_08-32-06.626072/phout_dhq1r2co.log
2024-04-26 08:47:21,479 [INFO] yandextank.core.tankcore tankcore.py:466	File already exists: /var/loadtest/logs/2024-04-26_08-32-06.626072/phantom_stat_yopwk1uh.log
2024-04-26 08:47:21,479 [INFO] yandextank.core.tankcore tankcore.py:466	File already exists: /var/loadtest/logs/2024-04-26_08-32-06.626072/phantom_c9hyw91k.log
2024-04-26 08:47:21,479 [INFO] yandextank.core.tankcore tankcore.py:466	File already exists: /var/loadtest/logs/2024-04-26_08-32-06.626072/phantom_qqkj04_0.conf
2024-04-26 08:47:21,479 [INFO] yandextank.core.tankcore tankcore.py:466	File already exists: /var/loadtest/logs/2024-04-26_08-32-06.626072/phantom_stdout_stderr_9bwb8jwo.log
