2024-04-26 08:28:43.285 +0000 [info] [] Start
2024-04-26 08:28:43.288 +0000 [error] [benchmark_io 300] format error
2024-04-26 08:30:54.287 +0000 [error] [benchmark_io 060] poll: Connection timed out
2024-04-26 08:30:56.286 +0000 [error] [benchmark_io 061] poll: Connection timed out
2024-04-26 08:31:00.287 +0000 [error] [benchmark_io 063] poll: Connection timed out
2024-04-26 08:31:02.287 +0000 [error] [benchmark_io 064] poll: Connection timed out
2024-04-26 08:31:04.287 +0000 [error] [benchmark_io 065] poll: Connection timed out
2024-04-26 08:31:06.287 +0000 [error] [benchmark_io 066] poll: Connection timed out
2024-04-26 08:31:08.287 +0000 [error] [benchmark_io 067] poll: Connection timed out
2024-04-26 08:31:10.287 +0000 [error] [benchmark_io 068] poll: Connection timed out
2024-04-26 08:31:12.288 +0000 [error] [benchmark_io 069] poll: Connection timed out
2024-04-26 08:31:14.286 +0000 [error] [benchmark_io 070] poll: Connection timed out
2024-04-26 08:31:16.287 +0000 [error] [benchmark_io 071] poll: Connection timed out
2024-04-26 08:31:18.287 +0000 [error] [benchmark_io 072] poll: Connection timed out
2024-04-26 08:31:20.287 +0000 [error] [benchmark_io 073] poll: Connection timed out
2024-04-26 08:31:22.287 +0000 [error] [benchmark_io 074] poll: Connection timed out
2024-04-26 08:31:24.287 +0000 [error] [benchmark_io 075] poll: Connection timed out
2024-04-26 08:31:26.286 +0000 [error] [benchmark_io 076] poll: Connection timed out
2024-04-26 08:31:28.287 +0000 [error] [benchmark_io 077] poll: Connection timed out
2024-04-26 08:31:28.947 +0000 [error] [benchmark_io 078] poll: Operation canceled
2024-04-26 08:31:28.947 +0000 [error] [monitor_io] bq_sleep: Operation canceled
2024-04-26 08:31:28.947 +0000 [error] [benchmark_io 081] poll: Operation canceled
2024-04-26 08:31:28.947 +0000 [error] [monitor_io] bq_sleep: Operation canceled
2024-04-26 08:31:28.947 +0000 [error] [benchmark_io 080] poll: Operation canceled
2024-04-26 08:31:28.947 +0000 [error] [benchmark_io stream_method brief_logger] bq_sleep: Operation canceled
2024-04-26 08:31:28.947 +0000 [error] [benchmark_io 082] poll: Operation canceled
2024-04-26 08:31:28.948 +0000 [error] [phantom_logger] bq_sleep: Operation canceled
2024-04-26 08:31:28.948 +0000 [error] [benchmark_io 079] poll: Operation canceled
2024-04-26 08:31:28.948 +0000 [error] [benchmark_io] cond-wait: Operation canceled
2024-04-26 08:31:28.949 +0000 [info] [] Exit
