2024-04-26 08:26:30.810 +0000 [info] [] Start
2024-04-26 08:26:30.814 +0000 [error] [benchmark_io 600] format error
2024-04-26 08:26:44.811 +0000 [error] [benchmark_io 003] poll: Connection timed out
2024-04-26 08:26:45.811 +0000 [error] [benchmark_io 004] poll: Connection timed out
2024-04-26 08:26:46.811 +0000 [error] [benchmark_io 005] poll: Connection timed out
2024-04-26 08:26:47.811 +0000 [error] [benchmark_io 006] poll: Connection timed out
2024-04-26 08:26:48.812 +0000 [error] [benchmark_io 008] poll: Connection timed out
2024-04-26 08:26:49.811 +0000 [error] [benchmark_io 009] poll: Connection timed out
2024-04-26 08:26:50.811 +0000 [error] [benchmark_io 010] poll: Connection timed out
2024-04-26 08:26:51.811 +0000 [error] [benchmark_io 007] poll: Connection timed out
2024-04-26 08:26:52.811 +0000 [error] [benchmark_io 011] poll: Connection timed out
2024-04-26 08:26:53.810 +0000 [error] [benchmark_io 012] poll: Connection timed out
2024-04-26 08:26:54.811 +0000 [error] [benchmark_io 013] poll: Connection timed out
2024-04-26 08:26:55.811 +0000 [error] [benchmark_io 014] poll: Connection timed out
2024-04-26 08:26:56.811 +0000 [error] [benchmark_io 015] poll: Connection timed out
2024-04-26 08:26:57.811 +0000 [error] [benchmark_io 016] poll: Connection timed out
2024-04-26 08:26:58.811 +0000 [error] [benchmark_io 017] poll: Connection timed out
2024-04-26 08:26:59.811 +0000 [error] [benchmark_io 018] poll: Connection timed out
2024-04-26 08:27:00.811 +0000 [error] [benchmark_io 019] poll: Connection timed out
2024-04-26 08:27:01.811 +0000 [error] [benchmark_io 020] poll: Connection timed out
2024-04-26 08:27:02.812 +0000 [error] [benchmark_io 021] poll: Connection timed out
2024-04-26 08:27:03.811 +0000 [error] [benchmark_io 022] poll: Connection timed out
2024-04-26 08:27:04.811 +0000 [error] [benchmark_io 023] poll: Connection timed out
2024-04-26 08:27:05.811 +0000 [error] [benchmark_io 024] poll: Connection timed out
2024-04-26 08:27:06.811 +0000 [error] [benchmark_io 025] poll: Connection timed out
2024-04-26 08:27:07.811 +0000 [error] [benchmark_io 026] poll: Connection timed out
2024-04-26 08:27:08.811 +0000 [error] [benchmark_io 027] poll: Connection timed out
2024-04-26 08:27:09.811 +0000 [error] [benchmark_io 028] poll: Connection timed out
2024-04-26 08:27:10.811 +0000 [error] [benchmark_io 029] poll: Connection timed out
2024-04-26 08:27:11.812 +0000 [error] [benchmark_io 030] poll: Connection timed out
2024-04-26 08:27:12.811 +0000 [error] [benchmark_io 031] poll: Connection timed out
2024-04-26 08:27:13.811 +0000 [error] [benchmark_io 032] poll: Connection timed out
2024-04-26 08:27:14.811 +0000 [error] [benchmark_io 033] poll: Connection timed out
2024-04-26 08:27:15.811 +0000 [error] [benchmark_io 034] poll: Connection timed out
2024-04-26 08:27:16.811 +0000 [error] [benchmark_io 035] poll: Connection timed out
2024-04-26 08:27:17.810 +0000 [error] [benchmark_io 036] poll: Connection timed out
2024-04-26 08:27:18.812 +0000 [error] [benchmark_io 037] poll: Connection timed out
2024-04-26 08:27:19.811 +0000 [error] [benchmark_io 038] poll: Connection timed out
2024-04-26 08:27:20.811 +0000 [error] [benchmark_io 039] poll: Connection timed out
2024-04-26 08:27:21.811 +0000 [error] [benchmark_io 040] poll: Connection timed out
2024-04-26 08:27:22.811 +0000 [error] [benchmark_io 041] poll: Connection timed out
2024-04-26 08:27:23.812 +0000 [error] [benchmark_io 042] poll: Connection timed out
2024-04-26 08:27:24.811 +0000 [error] [benchmark_io 043] poll: Connection timed out
2024-04-26 08:27:25.810 +0000 [error] [benchmark_io 044] poll: Connection timed out
2024-04-26 08:27:26.810 +0000 [error] [benchmark_io 045] poll: Connection timed out
2024-04-26 08:27:27.811 +0000 [error] [benchmark_io 046] poll: Connection timed out
2024-04-26 08:27:28.810 +0000 [error] [benchmark_io 047] poll: Connection timed out
2024-04-26 08:27:29.410 +0000 [error] [benchmark_io 052] poll: Operation canceled
2024-04-26 08:27:29.410 +0000 [error] [benchmark_io 049] poll: Operation canceled
2024-04-26 08:27:29.410 +0000 [error] [benchmark_io stream_method brief_logger] bq_sleep: Operation canceled
2024-04-26 08:27:29.410 +0000 [error] [phantom_logger] bq_sleep: Operation canceled
2024-04-26 08:27:29.410 +0000 [error] [benchmark_io] cond-wait: Operation canceled
2024-04-26 08:27:29.410 +0000 [error] [benchmark_io 050] poll: Operation canceled
2024-04-26 08:27:29.410 +0000 [error] [benchmark_io 051] poll: Operation canceled
2024-04-26 08:27:29.410 +0000 [error] [benchmark_io 056] poll: Operation canceled
2024-04-26 08:27:29.410 +0000 [error] [benchmark_io 054] poll: Operation canceled
2024-04-26 08:27:29.410 +0000 [error] [benchmark_io 048] poll: Operation canceled
2024-04-26 08:27:29.410 +0000 [error] [benchmark_io 057] poll: Operation canceled
2024-04-26 08:27:29.410 +0000 [error] [monitor_io] bq_sleep: Operation canceled
2024-04-26 08:27:29.410 +0000 [error] [benchmark_io 055] poll: Operation canceled
2024-04-26 08:27:29.411 +0000 [error] [benchmark_io 058] poll: Operation canceled
2024-04-26 08:27:29.411 +0000 [error] [monitor_io] bq_sleep: Operation canceled
2024-04-26 08:27:29.411 +0000 [error] [benchmark_io 053] poll: Operation canceled
2024-04-26 08:27:29.413 +0000 [info] [] Exit
