2024-04-26 07:07:57,930 [INFO] root tankworker.py:153	Log file created
2024-04-26 07:07:57,930 [INFO] root tankworker.py:157	Logging handler <FileHandler /var/loadtest/tank_errors.log (WARNING)> added
2024-04-26 07:07:57,930 [INFO] root tankworker.py:157	Logging handler <StreamHandler <stdout> (INFO)> added
2024-04-26 07:07:57,930 [INFO] root tankworker.py:157	Logging handler <StreamHandler <stderr> (NOTSET)> added
2024-04-26 07:07:57,937 [INFO] root tankworker.py:69	Created a folder for the test. /var/loadtest/logs/2024-04-26_07-07-57.915124
2024-04-26 07:07:57,937 [INFO] yandextank.core.tankcore tankcore.py:254	Configuring plugins...
2024-04-26 07:07:57,937 [INFO] yandextank.core.tankcore tankcore.py:205	Loading plugins...
2024-04-26 07:07:57,937 [INFO] yandextank.core.tankcore tankcore.py:215	Trying to import module: autostop
2024-04-26 07:07:57,938 [INFO] yandextank.core.tankcore tankcore.py:216	Path: yandextank.plugins.Autostop
2024-04-26 07:07:57,938 [INFO] yandextank.core.tankcore tankcore.py:215	Trying to import module: console
2024-04-26 07:07:57,938 [INFO] yandextank.core.tankcore tankcore.py:216	Path: yandextank.plugins.Console
2024-04-26 07:07:57,938 [INFO] yandextank.core.tankcore tankcore.py:215	Trying to import module: json_report
2024-04-26 07:07:57,938 [INFO] yandextank.core.tankcore tankcore.py:216	Path: yandextank.plugins.JsonReport
2024-04-26 07:07:57,938 [INFO] yandextank.core.tankcore tankcore.py:215	Trying to import module: phantom
2024-04-26 07:07:57,938 [INFO] yandextank.core.tankcore tankcore.py:216	Path: yandextank.plugins.Phantom
2024-04-26 07:07:57,938 [INFO] yandextank.core.tankcore tankcore.py:215	Trying to import module: rcheck
2024-04-26 07:07:57,938 [INFO] yandextank.core.tankcore tankcore.py:216	Path: yandextank.plugins.ResourceCheck
2024-04-26 07:07:57,938 [INFO] yandextank.core.tankcore tankcore.py:215	Trying to import module: shellexec
2024-04-26 07:07:57,938 [INFO] yandextank.core.tankcore tankcore.py:216	Path: yandextank.plugins.ShellExec
2024-04-26 07:07:57,938 [INFO] yandextank.core.tankcore tankcore.py:215	Trying to import module: rcassert
2024-04-26 07:07:57,938 [INFO] yandextank.core.tankcore tankcore.py:216	Path: yandextank.plugins.RCAssert
2024-04-26 07:07:57,940 [INFO] yandextank.common.util util.py:578	Testing connection to resolved address 127.0.0.1 and port 8000
2024-04-26 07:07:57,941 [INFO] yandextank.plugins.Phantom.utils utils.py:277	Resolved localhost into 127.0.0.1:8000
2024-04-26 07:07:57,941 [INFO] yandextank.stepper.main main.py:197	Configuring StepperWrapper...
2024-04-26 07:07:57,941 [INFO] yandextank.stepper.main main.py:336	Making stpd-file: /var/loadtest/logs/ammo.txt_53f575dcc217d00e7380f9888446c0cb.stpd
2024-04-26 07:07:57,942 [INFO] yandextank.stepper.config config.py:76	Default ammo type ('phantom') used, use 'phantom.ammo_type' option to override it
2024-04-26 07:07:57,942 [INFO] yandextank.stepper.config config.py:76	Default ammo type ('phantom') used, use 'phantom.ammo_type' option to override it
2024-04-26 07:07:57,942 [INFO] yandextank.stepper.missile missile.py:95	Loading ammo from 'ammo.txt'
2024-04-26 07:07:57,942 [INFO] yandextank.stepper.config config.py:126	Using AmmoFileReader ammo reader
2024-04-26 07:07:57,943 [ERROR] yandextank.common.util util.py:815	Exception occurred:
<class 'yandextank.stepper.module_exceptions.AmmoFileError'>: Error while reading ammo file. Position: 803, header: 'b'\xd1\x82\xd0\xb0\xd0\xba \xd0\xb4\xd0\xbe\xd0\xb1\xd1\x80, \xd1\x87\xd1\x82\xd0\xbe \xd0\xba\xd0\xbe\xd0\xb3\xd0\xb4\xd0\xb0 svc-admin \xd0\xbf\xd0\xbe\xd0\xbf\xd1\x80\xd0\xbe\xd1\x81\xd0\xb8\xd0\xbb \xd0\xb5\xd0\xb3\xd0\xbe \xd0\xbf\xd1\x80\xd0\xb8\xd0\xbd\xd0\xb5\xd1\x81\xd1\x82\xd0\xb8 \xd0\xba\xd0\xbe\xd1\x84\xd0\xb5 \xd0\xb4\xd0\xbb\xd1\x8f kira7@GLOBAL.BCS, \xd1\x82\xd0\xbe \xd0\xbe\xd0\xbd \xd0\xbb\xd1\x8e\xd0\xb1\xd0\xb5\xd0\xb7\xd0\xbd\xd0\xbe \xd1\x81\xd0\xbe\xd0\xb3\xd0\xbb\xd0\xb0\xd1\x81\xd0\xb8\xd0\xbb\xd1\x81\xd1\x8f. \xd0\x9f\xd1\x80\xd0\xbe\xd0\xb2\xd0\xb5\xd1\x80\xd0\xba\xd0\xb0 \xd0\xbe\xd0\xb1\xd0\xbd\xd0\xbe\xd0\xb2\xd0\xbb\xd0\xb5\xd0\xbd\xd0\xb8\xd1\x8f \xd0\xbe\xd1\x82\xd0\xb2\xd0\xb5\xd1\x82 \xd0\xbd\xd0\xb0 \xd0\xba\xd0\xbe\xd0\xb4-\xd1\x84\xd1\x80\xd0\xb0\xd0\xb7\xd0\xb0: \xd0\xb0\xd0\xbf\xd0\xb5\xd0\xbb\xd1\x8c\xd1\x81\xd0\xb8\xd0\xbd. \xd0\x98 \xd1\x82\xd0\xb0\xd0\xba \xd0\xb4\xd0\xb0\xd0\xbb\xd0\xb5\xd0\xb5. \xd0\x9c\xd0\xb5\xd0\xb4\xd0\xbb\xd0\xb5\xd0\xbd\xd0\xbd\xd1\x8b\xd0\xb5 \xd0\xbb\xd0\xb5\xd0\xbc\xd0\xbc\xd0\xb8\xd0\xbd\xd0\xb3\xd0\xb8 \xd0\xbd\xd0\xb5 \xd0\xbb\xd1\x8e\xd0\xb1\xd1\x8f\xd1\x82 \xd1\x81\xd1\x83\xd0\xb5\xd1\x82\xd1\x8b. \xd0\x91\xd1\x8b\xd1\x81\xd1\x82\xd1\x80\xd1\x8b\xd0\xb9 \xd0\xb7\xd0\xb0\xd1\x8f\xd1\x86 \xd1\x81\xd0\xbf\xd0\xb5\xd1\x88\xd0\xb8\xd1\x82 \xd0\xb4\xd0\xbe\xd0\xbc\xd0\xbe\xd0\xb9. \xd0\x92 \xd0\xbd\xd0\xb5\xd0\xb1\xd0\xb5 \xd0\xbb\xd0\xb5\xd1\x82\xd0\xb8\xd1\x82 \xd0\xbf\xd1\x82\xd0\xb8\xd1\x86\xd0\xb0."}'', original exception: invalid literal for int() with base 10: b'\xd1\x82\xd0\xb0\xd0\xba'
  File "/usr/local/lib/python3.8/dist-packages/yandextank/core/tankworker.py", line 70, in run
    self.core.plugins_configure()

  File "/usr/local/lib/python3.8/dist-packages/yandextank/core/tankcore.py", line 262, in plugins_configure
    plugin.configure()

  File "/usr/local/lib/python3.8/dist-packages/yandextank/plugins/Phantom/plugin.py", line 67, in configure
    self.phantom_config = self.phantom.config_file

  File "/usr/local/lib/python3.8/dist-packages/yandextank/plugins/Phantom/utils.py", line 106, in config_file
    self._config_file = self.compose_config()

  File "/usr/local/lib/python3.8/dist-packages/yandextank/plugins/Phantom/utils.py", line 114, in compose_config
    streams_config += stream.compose_config()

  File "/usr/local/lib/python3.8/dist-packages/yandextank/plugins/Phantom/utils.py", line 288, in compose_config
    self.stepper_wrapper.prepare_stepper()

  File "/usr/local/lib/python3.8/dist-packages/yandextank/stepper/main.py", line 264, in prepare_stepper
    self.__make_stpd_file()

  File "/usr/local/lib/python3.8/dist-packages/yandextank/stepper/main.py", line 354, in __make_stpd_file
    stepper.write(os)

  File "/usr/local/lib/python3.8/dist-packages/yandextank/stepper/main.py", line 64, in write
    for missile in self.ammo:

  File "/usr/local/lib/python3.8/dist-packages/yandextank/stepper/format.py", line 18, in __iter__
    for timestamp, marker, missile in self.af:

  File "/usr/local/lib/python3.8/dist-packages/yandextank/stepper/main.py", line 50, in <genexpr>
    return ((timestamp, marker or self.marker(missile), missile)

  File "/usr/local/lib/python3.8/dist-packages/yandextank/stepper/main.py", line 44, in <genexpr>
    ammo_stream = (

  File "/usr/local/lib/python3.8/dist-packages/yandextank/stepper/main.py", line 46, in <genexpr>
    for ammo in ((missile, marker or self.marker(missile))

  File "/usr/local/lib/python3.8/dist-packages/yandextank/stepper/missile.py", line 137, in __iter__
    raise AmmoFileError(

2024-04-26 07:07:57,944 [INFO] yandextank.common.util util.py:816	Trying to clean up
2024-04-26 07:07:57,944 [INFO] yandextank.core.tankcore tankcore.py:630	Releasing lock: /var/lock/lunapark_ug311wrh.lock
2024-04-26 07:07:57,948 [INFO] yandextank.core.tankcore tankcore.py:405	Artifacts dir: /var/loadtest/logs/2024-04-26_07-07-57.915124
2024-04-26 07:07:57,948 [INFO] yandextank.core.tankcore tankcore.py:461	File not found to collect: validation_error.yaml
2024-04-26 07:07:57,948 [INFO] yandextank.core.tankcore tankcore.py:466	File already exists: /var/loadtest/logs/2024-04-26_07-07-57.915124/answ_f2i3q3nc.log
2024-04-26 07:07:57,948 [INFO] yandextank.core.tankcore tankcore.py:466	File already exists: /var/loadtest/logs/2024-04-26_07-07-57.915124/phout_j8w7jlp4.log
2024-04-26 07:07:57,948 [INFO] yandextank.core.tankcore tankcore.py:466	File already exists: /var/loadtest/logs/2024-04-26_07-07-57.915124/phantom_stat_v3_fn0ci.log
2024-04-26 07:07:57,948 [INFO] yandextank.core.tankcore tankcore.py:466	File already exists: /var/loadtest/logs/2024-04-26_07-07-57.915124/phantom_qbln2qln.log
