2024-04-26 07:30:40.895 +0000 [info] [] Start
2024-04-26 07:30:40.896 +0000 [error] [benchmark_io 060] format error
2024-04-26 07:30:51.897 +0000 [error] [benchmark_io 002] poll: Connection timed out
2024-04-26 07:31:01.897 +0000 [error] [benchmark_io 001] poll: Connection timed out
2024-04-26 07:31:11.897 +0000 [error] [benchmark_io 003] poll: Connection timed out
2024-04-26 07:31:21.896 +0000 [error] [benchmark_io 000] poll: Connection timed out
2024-04-26 07:31:31.897 +0000 [error] [benchmark_io 004] poll: Connection timed out
2024-04-26 07:31:41.897 +0000 [error] [benchmark_io 005] poll: Connection timed out
2024-04-26 07:31:51.898 +0000 [error] [benchmark_io 006] poll: Connection timed out
2024-04-26 07:32:01.897 +0000 [error] [benchmark_io 007] poll: Connection timed out
2024-04-26 07:32:11.897 +0000 [error] [benchmark_io 008] poll: Connection timed out
2024-04-26 07:32:21.897 +0000 [error] [benchmark_io 010] poll: Connection timed out
2024-04-26 07:32:31.896 +0000 [error] [benchmark_io 011] poll: Connection timed out
2024-04-26 07:32:41.897 +0000 [error] [benchmark_io 009] poll: Connection timed out
2024-04-26 07:32:51.897 +0000 [error] [benchmark_io 012] poll: Connection timed out
2024-04-26 07:33:01.897 +0000 [error] [benchmark_io 013] poll: Connection timed out
2024-04-26 07:33:11.898 +0000 [error] [benchmark_io 014] poll: Connection timed out
2024-04-26 07:33:21.896 +0000 [error] [benchmark_io 015] poll: Connection timed out
2024-04-26 07:33:31.897 +0000 [error] [benchmark_io 016] poll: Connection timed out
2024-04-26 07:33:41.897 +0000 [error] [benchmark_io 017] poll: Connection timed out
2024-04-26 07:33:51.897 +0000 [error] [benchmark_io 018] poll: Connection timed out
2024-04-26 07:34:01.897 +0000 [error] [benchmark_io 019] poll: Connection timed out
2024-04-26 07:34:11.896 +0000 [error] [benchmark_io 020] poll: Connection timed out
2024-04-26 07:34:21.896 +0000 [error] [benchmark_io 021] poll: Connection timed out
2024-04-26 07:34:31.896 +0000 [error] [benchmark_io 022] poll: Connection timed out
2024-04-26 07:34:41.896 +0000 [error] [benchmark_io 024] poll: Connection timed out
2024-04-26 07:34:51.897 +0000 [error] [benchmark_io 023] poll: Connection timed out
2024-04-26 07:34:57.075 +0000 [error] [benchmark_io stream_method brief_logger] bq_sleep: Operation canceled
2024-04-26 07:34:57.075 +0000 [error] [phantom_logger] bq_sleep: Operation canceled
2024-04-26 07:34:57.076 +0000 [error] [monitor_io] bq_sleep: Operation canceled
2024-04-26 07:34:57.076 +0000 [error] [monitor_io] bq_sleep: Operation canceled
2024-04-26 07:34:57.076 +0000 [error] [benchmark_io 025] poll: Operation canceled
2024-04-26 07:34:57.076 +0000 [info] [] Exit
