1714113995.505	/mask/	1216	64	16	1047	89	1106	21	173	0	404
1714113996.498	localhost:8000	2401	189	62	2068	82	2118	22	173	0	404
1714113997.475	application/json	4527	212	66	3836	413	4114	30	173	0	404
1714113998.440	348	4630	250	87	3795	498	4133	32	173	0	404
1714113999.391	в	3296	207	67	2550	472	2816	36	118	0	400
1714114000.331	/mask/	4517	209	67	3846	395	4084	21	173	0	404
1714114001.256	localhost:8000	2846	234	65	2459	88	2523	22	173	0	404
1714114002.171	application/json	2097	82	18	1783	214	1943	30	173	0	404
1714114003.075	348	4434	167	42	3848	377	4080	32	173	0	404
1714114003.967	в	3422	186	60	2686	490	3017	36	118	0	400
1714114004.850	/mask/	2908	186	64	2573	85	2636	21	173	0	404
1714114005.723	localhost:8000	1175	51	11	1028	85	1078	22	173	0	404
1714114006.584	application/json	1218	58	12	1026	122	1121	30	173	0	404
1714114007.437	348	4591	193	51	3957	390	4202	32	173	0	404
1714114008.281	в	3354	179	50	2641	484	2982	36	118	0	400
1714114009.115	/mask/	2853	107	37	2491	218	2621	21	173	0	404
1714114009.941	localhost:8000	4723	184	49	4058	432	4352	22	173	0	404
1714114010.759	application/json	1767	76	20	1503	168	1604	30	173	0	404
1714114011.569	348	1320	56	12	1152	100	1216	32	173	0	404
1714114012.371	в	3353	191	51	2566	545	2919	36	118	0	400
1714114013.165	/mask/	2196	98	22	1947	129	2043	21	173	0	404
1714114013.953	localhost:8000	2910	200	74	2553	83	2615	22	173	0	404
1714114014.732	application/json	1354	52	11	1186	105	1264	30	173	0	404
1714114015.506	348	3604	187	59	3236	122	3340	32	173	0	404
1714114016.271	в	3207	200	49	2664	294	2885	36	118	0	400
1714114017.030	/mask/	4638	209	53	4000	376	4221	21	173	0	404
1714114017.782	localhost:8000	2963	196	50	2665	52	2698	22	173	0	404
1714114018.529	application/json	4735	194	49	4040	452	4345	30	173	0	404
1714114019.269	348	2824	107	24	2494	199	2608	32	173	0	404
1714114020.004	в	2383	243	58	1970	112	2068	36	118	0	400
1714114020.731	/mask/	1287	51	11	1117	108	1194	21	173	0	404
1714114021.454	localhost:8000	4568	191	50	3912	415	4180	22	173	0	404
1714114022.172	application/json	4477	191	67	3825	394	4048	30	173	0	404
1714114022.883	348	4684	198	66	3997	423	4272	32	173	0	404
1714114023.590	в	990	50	26	801	113	886	36	118	0	400
1714114024.290	/mask/	3076	195	50	2724	107	2809	21	173	0	404
1714114024.987	localhost:8000	4629	202	54	3973	400	4205	22	173	0	404
1714114025.678	application/json	4597	179	49	3996	373	4226	30	173	0	404
1714114026.363	348	4647	196	50	3988	413	4247	32	173	0	404
1714114027.044	в	3322	227	37	2565	493	2885	36	118	0	400
1714114027.720	/mask/	4603	213	49	3855	486	4172	21	173	0	404
1714114028.392	localhost:8000	4617	194	53	3876	494	4216	22	173	0	404
1714114029.060	application/json	2794	197	75	2436	86	2507	30	173	0	404
1714114029.723	348	1267	53	12	1039	163	1139	32	173	0	404
1714114030.382	в	1126	72	21	893	140	992	36	118	0	400
1714114031.036	/mask/	5340	238	50	4635	417	4908	21	173	0	404
1714114031.686	localhost:8000	4551	190	50	3918	393	4182	22	173	0	404
1714114032.333	application/json	4557	197	52	3906	402	4165	30	173	0	404
1714114032.974	348	4684	197	49	3980	458	4308	32	173	0	404
1714114033.613	в	1117	71	20	877	149	978	36	118	0	400
1714114034.247	/mask/	4657	192	48	3927	490	4265	21	173	0	404
1714114034.878	localhost:8000	4509	194	53	3868	394	4135	22	173	0	404
1714114035.505	application/json	4633	192	51	3963	427	4256	30	173	0	404
1714114036.129	348	1854	82	19	1585	168	1687	32	173	0	404
1714114036.748	в	3210	192	53	2487	478	2826	36	118	0	400
1714114037.363	/mask/	4605	192	51	3930	432	4222	21	173	0	404
1714114037.976	localhost:8000	4576	220	55	3788	513	4130	22	173	0	404
1714114038.585	application/json	1230	57	11	1047	115	1127	30	173	0	404
1714114039.191	348	4658	187	51	4038	382	4280	32	173	0	404
1714114039.793	в	3489	192	49	2601	647	3082	36	118	0	400
1714114040.393	/mask/	2387	125	31	2132	99	2193	21	173	0	404
1714114040.990	localhost:8000	4679	191	49	4010	429	4301	22	173	0	404
1714114041.582	application/json	1300	58	12	1145	85	1194	30	173	0	404
1714114042.171	348	1407	65	14	1226	102	1291	32	173	0	404
1714114042.758	в	3471	195	72	2569	635	3051	36	118	0	400
1714114043.342	/mask/	4585	187	48	3881	469	4225	21	173	0	404
1714114043.922	localhost:8000	4604	193	50	3964	397	4218	22	173	0	404
1714114044.500	application/json	4655	215	66	3851	523	4221	30	173	0	404
1714114045.076	348	4613	203	106	3831	473	4144	32	173	0	404
1714114045.647	в	1065	53	12	835	165	955	36	118	0	400
1714114046.218	/mask/	4104	198	50	3722	134	3823	21	173	0	404
1714114046.784	localhost:8000	2659	193	49	2278	139	2391	22	173	0	404
1714114047.347	application/json	2935	121	31	2511	272	2653	30	173	0	404
1714114047.909	348	4646	181	48	3995	422	4279	32	173	0	404
1714114048.467	в	3340	193	36	2622	489	2952	36	118	0	400
1714114049.024	/mask/	1290	57	13	1146	74	1179	21	173	0	404
1714114049.576	localhost:8000	4639	232	77	3781	549	4167	22	173	0	404
1714114050.128	application/json	1228	54	12	1080	82	1133	30	173	0	404
1714114050.676	348	3615	162	40	3053	360	3307	32	173	0	404
1714114051.222	в	918	54	15	722	127	815	36	118	0	400
1714114051.765	/mask/	5352	191	35	4722	404	4980	21	173	0	404
1714114052.306	localhost:8000	4574	186	50	3868	470	4214	22	173	0	404
1714114052.845	application/json	4566	190	48	3862	466	4188	30	173	0	404
1714114053.381	348	1865	84	19	1571	191	1707	32	173	0	404
1714114053.916	в	3465	195	52	2642	576	3031	36	118	0	400
1714114054.448	/mask/	4549	237	53	3737	522	4122	21	173	0	404
1714114054.977	localhost:8000	4999	191	50	4339	419	4622	22	173	0	404
1714114055.504	application/json	4501	221	71	3785	424	4083	30	173	0	404
1714114056.030	348	2632	202	51	2293	86	2356	32	173	0	404
1714114056.553	в	3439	185	49	2544	661	3061	36	118	0	400
1714114057.074	/mask/	1205	57	12	1048	88	1103	21	173	0	404
1714114057.593	localhost:8000	4493	195	50	3847	401	4110	22	173	0	404
1714114058.109	application/json	4607	199	74	3951	383	4187	30	173	0	404
1714114058.624	348	1204	58	17	1041	88	1095	32	173	0	404
1714114059.137	в	974	52	11	761	150	850	36	118	0	400
1714114059.647	/mask/	1760	77	18	1520	145	1601	21	173	0	404
1714114060.157	localhost:8000	1380	67	14	1190	109	1258	22	173	0	404
1714114060.664	application/json	1809	68	15	1567	159	1665	30	173	0	404
1714114061.167	348	1714	78	17	1512	107	1569	32	173	0	404
1714114061.670	в	1268	77	17	990	184	1112	36	118	0	400
1714114062.172	/mask/	1209	52	14	1021	122	1113	21	173	0	404
1714114062.671	localhost:8000	1275	56	11	1113	95	1175	22	173	0	404
1714114063.167	application/json	1226	54	11	1064	97	1124	30	173	0	404
1714114063.663	348	1325	55	11	1094	165	1216	32	173	0	404
1714114064.157	в	965	59	13	760	133	854	36	118	0	400
1714114064.648	/mask/	1197	69	11	1023	94	1103	21	173	0	404
1714114065.139	localhost:8000	2762	150	40	2393	179	2508	22	173	0	404
1714114065.627	application/json	4838	194	61	4120	463	4430	30	173	0	404
1714114066.113	348	1248	59	12	1085	92	1137	32	173	0	404
1714114066.598	в	3489	191	54	2702	542	3094	36	118	0	400
1714114067.081	/mask/	4724	189	50	4016	469	4341	21	173	0	404
1714114067.562	localhost:8000	1406	65	14	1209	118	1285	22	173	0	404
1714114068.042	application/json	3207	191	53	2906	57	2942	30	173	0	404
1714114068.520	348	3056	190	49	2720	97	2786	32	173	0	404
1714114068.997	в	925	54	11	737	123	819	36	118	0	400
1714114069.471	/mask/	5476	191	49	4754	482	5118	21	173	0	404
1714114069.945	localhost:8000	4782	194	51	4113	424	4376	22	173	0	404
1714114070.417	application/json	4622	189	73	3877	483	4202	30	173	0	404
1714114070.887	348	4585	182	49	3889	465	4232	32	173	0	404
1714114071.355	в	3055	193	49	2652	161	2770	36	118	0	400
1714114071.823	/mask/	4605	191	51	3959	404	4229	21	173	0	404
1714114072.287	localhost:8000	4676	186	50	4091	349	4302	22	173	0	404
1714114072.752	application/json	1452	67	15	1253	117	1333	30	173	0	404
1714114073.215	348	1260	55	15	1069	121	1158	32	173	0	404
1714114073.676	в	1036	59	13	853	111	922	36	118	0	400
1714114074.134	/mask/	1239	55	11	1097	76	1132	21	173	0	404
1714114074.594	localhost:8000	4681	187	67	3995	432	4285	22	173	0	404
1714114075.049	application/json	4599	193	50	3934	422	4208	30	173	0	404
1714114075.505	348	4604	190	51	3940	423	4228	32	173	0	404
1714114075.959	в	3476	191	49	2636	600	3082	36	118	0	400
1714114076.411	/mask/	4658	191	50	3913	504	4270	21	173	0	404
1714114076.862	localhost:8000	4649	184	51	3855	559	4266	22	173	0	404
1714114077.312	application/json	2817	122	30	2580	85	2638	30	173	0	404
1714114077.760	348	2863	124	31	2419	289	2611	32	173	0	404
1714114078.207	в	946	55	12	771	108	845	36	118	0	400
1714114078.653	/mask/	1316	52	11	1165	88	1223	21	173	0	404
1714114079.097	localhost:8000	2352	186	50	2021	95	2099	22	173	0	404
1714114079.540	application/json	2488	189	50	2114	135	2232	30	173	0	404
1714114079.982	348	4530	200	76	3912	342	4165	32	173	0	404
1714114080.422	в	3387	190	52	2651	494	2989	36	118	0	400
1714114080.861	/mask/	1419	66	13	1213	127	1300	21	173	0	404
1714114081.299	localhost:8000	1416	59	14	1235	108	1301	22	173	0	404
1714114081.737	application/json	1241	51	11	1084	95	1133	30	173	0	404
1714114082.172	348	2054	116	37	1695	206	1826	32	173	0	404
1714114082.605	в	2431	192	69	2033	137	2140	36	118	0	400
1714114083.038	/mask/	4671	195	74	3931	471	4281	21	173	0	404
1714114083.470	localhost:8000	2627	188	50	2266	123	2357	22	173	0	404
1714114083.901	application/json	1236	54	12	1063	107	1130	30	173	0	404
1714114084.330	348	4504	197	52	3854	401	4132	32	173	0	404
1714114084.758	в	916	54	12	748	102	817	36	118	0	400
1714114085.185	/mask/	1503	60	13	1319	111	1392	21	173	0	404
1714114085.611	localhost:8000	4568	195	59	3888	426	4172	22	173	0	404
1714114086.036	application/json	4467	195	51	3876	345	4083	30	173	0	404
1714114086.460	348	1280	69	17	1070	124	1153	32	173	0	404
1714114086.881	в	2270	203	53	1878	136	1981	36	118	0	400
1714114087.303	/mask/	2564	110	35	2157	262	2335	21	173	0	404
1714114087.724	localhost:8000	1261	49	14	1041	157	1159	22	173	0	404
1714114088.143	application/json	1595	53	11	1408	123	1503	30	173	0	404
1714114088.560	348	2409	124	26	2049	210	2196	32	173	0	404
1714114088.977	в	3337	189	54	2514	580	2956	36	118	0	400
1714114089.392	/mask/	4532	192	52	3800	488	4122	21	173	0	404
1714114089.807	localhost:8000	1247	55	12	1113	67	1146	22	173	0	404
1714114090.222	application/json	2560	115	37	2211	197	2337	30	173	0	404
1714114090.634	348	2252	87	20	1954	191	2076	32	173	0	404
1714114091.045	в	3380	201	51	2559	569	2950	36	118	0	400
1714114091.455	/mask/	4570	196	51	3903	420	4159	21	173	0	404
1714114091.865	localhost:8000	1253	58	14	1089	92	1145	22	173	0	404
1714114092.274	application/json	1485	57	12	1307	109	1377	30	173	0	404
1714114092.682	348	1246	56	11	1070	109	1138	32	173	0	404
1714114093.087	в	3114	177	50	2483	404	2738	36	118	0	400
1714114093.492	/mask/	2597	189	76	2236	96	2307	21	173	0	404
1714114093.897	localhost:8000	1817	81	14	1570	152	1672	22	173	0	404
1714114094.300	application/json	2927	205	56	2599	67	2646	30	173	0	404
1714114094.703	348	1222	56	15	1056	95	1106	32	173	0	404
1714114095.104	в	3131	175	51	2416	489	2750	36	118	0	400
1714114095.505	/mask/	4495	258	74	3771	392	4043	21	173	0	404
1714114095.905	localhost:8000	4462	190	70	3901	301	4049	22	173	0	404
1714114096.303	application/json	4610	194	49	3996	371	4227	30	173	0	404
1714114096.701	348	1241	55	12	1080	94	1142	32	173	0	404
1714114097.098	в	3293	201	73	2515	504	2860	36	118	0	400
1714114097.493	/mask/	4546	189	50	3949	358	4167	21	173	0	404
1714114097.888	localhost:8000	4456	192	50	3766	448	4085	22	173	0	404
1714114098.282	application/json	1295	59	13	1129	94	1185	30	173	0	404
1714114098.674	348	1572	72	18	1332	150	1424	32	173	0	404
1714114099.067	в	3352	198	51	2591	512	2936	36	118	0	400
1714114099.459	/mask/	5082	187	50	4449	396	4708	21	173	0	404
1714114099.849	localhost:8000	2341	92	23	2014	212	2161	22	173	0	404
1714114100.237	application/json	1240	54	16	1087	83	1140	30	173	0	404
1714114100.626	348	2078	88	21	1759	210	1908	32	173	0	404
1714114101.013	в	3360	190	51	2608	511	2953	36	118	0	400
1714114101.400	/mask/	1927	82	19	1676	150	1775	21	173	0	404
1714114101.786	localhost:8000	4463	187	50	3836	390	4098	22	173	0	404
1714114102.171	application/json	4466	193	50	3834	389	4104	30	173	0	404
1714114102.555	348	4728	188	48	4086	406	4335	32	173	0	404
1714114102.939	в	3352	193	54	2614	491	2965	36	118	0	400
1714114103.322	/mask/	4552	187	48	3847	470	4185	21	173	0	404
1714114103.703	localhost:8000	1252	56	14	1058	124	1147	22	173	0	404
1714114104.084	application/json	4395	204	51	3692	448	4010	30	173	0	404
1714114104.465	348	2071	88	20	1795	168	1910	32	173	0	404
1714114104.843	в	993	49	11	822	111	907	36	118	0	400
1714114105.221	/mask/	1198	47	10	1054	87	1113	21	173	0	404
1714114105.599	localhost:8000	2613	200	74	2255	84	2317	22	173	0	404
1714114105.976	application/json	1618	64	14	1427	113	1503	30	173	0	404
1714114106.352	348	4547	193	64	3875	415	4147	32	173	0	404
1714114106.728	в	833	53	12	664	104	739	36	118	0	400
1714114107.102	/mask/	1149	47	12	987	103	1051	21	173	0	404
1714114107.475	localhost:8000	1238	50	15	1079	94	1138	22	173	0	404
1714114107.848	application/json	4515	193	101	3766	455	4076	30	173	0	404
1714114108.219	348	1411	62	20	1193	136	1288	32	173	0	404
1714114108.591	в	1828	101	24	1418	285	1639	36	118	0	400
1714114108.961	/mask/	4490	189	50	3865	386	4109	21	173	0	404
1714114109.331	localhost:8000	1214	53	11	1065	85	1121	22	173	0	404
1714114109.701	application/json	1292	54	11	1107	120	1197	30	173	0	404
1714114110.068	348	4316	168	46	3631	471	3983	32	173	0	404
1714114110.436	в	3520	216	50	2661	593	3098	36	118	0	400
1714114110.802	/mask/	4573	187	49	3918	419	4207	21	173	0	404
1714114111.168	localhost:8000	2107	210	68	1733	96	1813	22	173	0	404
1714114111.535	application/json	2481	185	49	2146	101	2226	30	173	0	404
1714114111.899	348	2435	181	49	2085	120	2188	32	173	0	404
1714114112.263	в	922	48	10	755	109	835	36	118	0	400
