2024-04-26 06:46:35,429 [INFO] root tankworker.py:153	Log file created
2024-04-26 06:46:35,429 [INFO] root tankworker.py:157	Logging handler <FileHandler /var/loadtest/tank_errors.log (WARNING)> added
2024-04-26 06:46:35,429 [INFO] root tankworker.py:157	Logging handler <StreamHandler <stdout> (INFO)> added
2024-04-26 06:46:35,429 [INFO] root tankworker.py:157	Logging handler <StreamHandler <stderr> (NOTSET)> added
2024-04-26 06:46:35,435 [INFO] root tankworker.py:69	Created a folder for the test. /var/loadtest/logs/2024-04-26_06-46-35.413250
2024-04-26 06:46:35,436 [INFO] yandextank.core.tankcore tankcore.py:254	Configuring plugins...
2024-04-26 06:46:35,436 [INFO] yandextank.core.tankcore tankcore.py:205	Loading plugins...
2024-04-26 06:46:35,436 [INFO] yandextank.core.tankcore tankcore.py:215	Trying to import module: autostop
2024-04-26 06:46:35,436 [INFO] yandextank.core.tankcore tankcore.py:216	Path: yandextank.plugins.Autostop
2024-04-26 06:46:35,436 [INFO] yandextank.core.tankcore tankcore.py:215	Trying to import module: console
2024-04-26 06:46:35,436 [INFO] yandextank.core.tankcore tankcore.py:216	Path: yandextank.plugins.Console
2024-04-26 06:46:35,436 [INFO] yandextank.core.tankcore tankcore.py:215	Trying to import module: json_report
2024-04-26 06:46:35,436 [INFO] yandextank.core.tankcore tankcore.py:216	Path: yandextank.plugins.JsonReport
2024-04-26 06:46:35,437 [INFO] yandextank.core.tankcore tankcore.py:215	Trying to import module: phantom
2024-04-26 06:46:35,437 [INFO] yandextank.core.tankcore tankcore.py:216	Path: yandextank.plugins.Phantom
2024-04-26 06:46:35,437 [INFO] yandextank.core.tankcore tankcore.py:215	Trying to import module: rcheck
2024-04-26 06:46:35,437 [INFO] yandextank.core.tankcore tankcore.py:216	Path: yandextank.plugins.ResourceCheck
2024-04-26 06:46:35,437 [INFO] yandextank.core.tankcore tankcore.py:215	Trying to import module: shellexec
2024-04-26 06:46:35,437 [INFO] yandextank.core.tankcore tankcore.py:216	Path: yandextank.plugins.ShellExec
2024-04-26 06:46:35,437 [INFO] yandextank.core.tankcore tankcore.py:215	Trying to import module: rcassert
2024-04-26 06:46:35,437 [INFO] yandextank.core.tankcore tankcore.py:216	Path: yandextank.plugins.RCAssert
2024-04-26 06:46:35,439 [INFO] yandextank.common.util util.py:578	Testing connection to resolved address 127.0.0.1 and port 8000
2024-04-26 06:46:35,439 [INFO] yandextank.plugins.Phantom.utils utils.py:277	Resolved localhost into 127.0.0.1:8000
2024-04-26 06:46:35,439 [INFO] yandextank.stepper.main main.py:197	Configuring StepperWrapper...
2024-04-26 06:46:35,440 [INFO] yandextank.stepper.main main.py:336	Making stpd-file: /var/loadtest/logs/ammo.txt_8efa1fb186a3ca344ba9ff318f97c206.stpd
2024-04-26 06:46:35,441 [INFO] yandextank.stepper.config config.py:72	Setting ammo_type 'uri' because ammo is not started with digit and you did not specify ammo format
2024-04-26 06:46:35,441 [INFO] yandextank.stepper.config config.py:72	Setting ammo_type 'uri' because ammo is not started with digit and you did not specify ammo format
2024-04-26 06:46:35,441 [INFO] yandextank.stepper.missile missile.py:280	Loading ammo from 'ammo.txt' using URI format.
2024-04-26 06:46:35,441 [INFO] yandextank.stepper.config config.py:126	Using UriReader ammo reader
2024-04-26 06:46:35,489 [INFO] yandextank.core.tankcore tankcore.py:268	Preparing test...
2024-04-26 06:46:35,494 [INFO] yandextank.common.interfaces plugin.py:38	Checking tank resources...
2024-04-26 06:46:35,498 [INFO] yandextank.core.tankcore tankcore.py:278	Starting test...
2024-04-26 06:46:35,499 [INFO] yandextank.aggregator.tank_aggregator tank_aggregator.py:65	using verbose histogram
2024-04-26 06:46:35,500 [INFO] yandextank.core.tankcore tankcore.py:285	Plugin plugin_autostop required 0.000003 seconds to start
2024-04-26 06:46:35,500 [INFO] yandextank.core.tankcore tankcore.py:285	Plugin plugin_console required 0.000004 seconds to start
2024-04-26 06:46:35,500 [INFO] yandextank.core.tankcore tankcore.py:285	Plugin plugin_json_report required 0.000003 seconds to start
2024-04-26 06:46:35,503 [INFO] yandextank.core.tankcore tankcore.py:285	Plugin plugin_phantom required 0.002538 seconds to start
2024-04-26 06:46:35,503 [INFO] yandextank.core.tankcore tankcore.py:285	Plugin plugin_rcheck required 0.000004 seconds to start
2024-04-26 06:46:35,503 [INFO] yandextank.core.tankcore tankcore.py:285	Plugin plugin_shellexec required 0.000008 seconds to start
2024-04-26 06:46:35,503 [INFO] yandextank.core.tankcore tankcore.py:285	Plugin plugin_rcassert required 0.000002 seconds to start
2024-04-26 06:46:35,503 [INFO] yandextank.core.tankcore tankcore.py:294	Waiting for test to finish...
2024-04-26 06:46:35,503 [INFO] yandextank.core.tankcore tankcore.py:295	Artifacts dir: /var/loadtest/logs/2024-04-26_06-46-35.413250
2024-04-26 06:48:32,429 [WARNING] root tankworker.py:118	Interrupting
2024-04-26 06:48:32,429 [ERROR] yandextank.common.util util.py:846	Test interrupted:
<class 'KeyboardInterrupt'>: 
  File "/usr/local/lib/python3.8/dist-packages/yandextank/core/tankworker.py", line 79, in run
    self.retcode = self.core.wait_for_finish()

  File "/usr/local/lib/python3.8/dist-packages/yandextank/core/tankcore.py", line 326, in wait_for_finish
    time.sleep(0.5 - diff)

2024-04-26 06:48:32,429 [INFO] yandextank.core.tankcore tankcore.py:331	Finishing test...
2024-04-26 06:48:32,430 [INFO] yandextank.core.tankcore tankcore.py:334	Stopping load generator and aggregator
2024-04-26 06:48:32,430 [INFO] yandextank.plugins.Phantom.plugin plugin.py:172	Terminating phantom process with PID 39
2024-04-26 06:48:32,434 [INFO] yandextank.aggregator.tank_aggregator tank_aggregator.py:126	Closing stats reader
2024-04-26 06:48:32,434 [INFO] yandextank.aggregator.tank_aggregator tank_aggregator.py:129	Waiting for gun drain to finish
2024-04-26 06:48:33,150 [INFO] yandextank.aggregator.tank_aggregator tank_aggregator.py:131	Waiting for stats drain to finish
2024-04-26 06:48:33,231 [INFO] yandextank.aggregator.tank_aggregator tank_aggregator.py:133	Collecting remaining data
2024-04-26 06:48:33,236 [INFO] yandextank.aggregator.tank_aggregator tank_aggregator.py:111	Timestamps without stats:
2024-04-26 06:48:33,236 [INFO] yandextank.aggregator.tank_aggregator tank_aggregator.py:113	1714114111
2024-04-26 06:48:33,237 [INFO] yandextank.aggregator.tank_aggregator tank_aggregator.py:113	1714114112
2024-04-26 06:48:33,238 [INFO] yandextank.core.tankcore tankcore.py:338	Stopping monitoring
2024-04-26 06:48:33,238 [INFO] yandextank.core.tankcore tankcore.py:361	Post-processing test...
2024-04-26 06:48:33,239 [INFO] yandextank.common.util util.py:816	Trying to clean up
2024-04-26 06:48:33,239 [INFO] yandextank.core.tankcore tankcore.py:562	Cleaning up plugin plugin_autostop
2024-04-26 06:48:33,239 [INFO] yandextank.core.tankcore tankcore.py:562	Cleaning up plugin plugin_console
2024-04-26 06:48:33,239 [INFO] yandextank.core.tankcore tankcore.py:562	Cleaning up plugin plugin_json_report
2024-04-26 06:48:33,239 [INFO] yandextank.core.tankcore tankcore.py:562	Cleaning up plugin plugin_phantom
2024-04-26 06:48:33,239 [INFO] yandextank.core.tankcore tankcore.py:562	Cleaning up plugin plugin_rcheck
2024-04-26 06:48:33,239 [INFO] yandextank.core.tankcore tankcore.py:562	Cleaning up plugin plugin_shellexec
2024-04-26 06:48:33,239 [INFO] yandextank.core.tankcore tankcore.py:562	Cleaning up plugin plugin_rcassert
2024-04-26 06:48:33,239 [INFO] yandextank.core.tankcore tankcore.py:630	Releasing lock: /var/lock/lunapark_om2vxprk.lock
2024-04-26 06:48:33,241 [INFO] yandextank.core.tankcore tankcore.py:405	Artifacts dir: /var/loadtest/logs/2024-04-26_06-46-35.413250
2024-04-26 06:48:33,241 [INFO] yandextank.core.tankcore tankcore.py:461	File not found to collect: validation_error.yaml
2024-04-26 06:48:33,241 [INFO] yandextank.core.tankcore tankcore.py:466	File already exists: /var/loadtest/logs/2024-04-26_06-46-35.413250/answ_jmm84dwn.log
2024-04-26 06:48:33,241 [INFO] yandextank.core.tankcore tankcore.py:466	File already exists: /var/loadtest/logs/2024-04-26_06-46-35.413250/phout_yozt0our.log
2024-04-26 06:48:33,241 [INFO] yandextank.core.tankcore tankcore.py:466	File already exists: /var/loadtest/logs/2024-04-26_06-46-35.413250/phantom_stat_9y4qk_hw.log
2024-04-26 06:48:33,241 [INFO] yandextank.core.tankcore tankcore.py:466	File already exists: /var/loadtest/logs/2024-04-26_06-46-35.413250/phantom_8b2h1k8_.log
2024-04-26 06:48:33,241 [INFO] yandextank.core.tankcore tankcore.py:466	File already exists: /var/loadtest/logs/2024-04-26_06-46-35.413250/phantom_zwtit08l.conf
2024-04-26 06:48:33,241 [INFO] yandextank.core.tankcore tankcore.py:466	File already exists: /var/loadtest/logs/2024-04-26_06-46-35.413250/phantom_stdout_stderr_fyndp4my.log
