1714113811.213	/mask/	1382	61	16	1197	108	1279	21	173	0	404
1714113812.205	localhost:8000	4681	179	60	4001	441	4301	22	173	0	404
1714113813.183	application/json	4630	205	67	3910	448	4198	30	173	0	404
1714113814.148	95	4785	190	61	4016	518	4338	32	173	0	404
1714113815.099	в	2442	209	64	2052	117	2137	37	118	0	400
1714113816.038	/mask/	4677	206	59	3950	462	4253	21	173	0	404
1714113816.964	localhost:8000	4660	214	66	3909	471	4233	22	173	0	404
1714113817.879	application/json	3003	123	30	2555	295	2760	30	173	0	404
1714113818.783	95	1319	63	17	1131	108	1183	32	173	0	404
1714113819.675	в	3519	187	49	2643	640	3114	37	118	0	400
1714113820.558	/mask/	4662	190	51	3948	473	4280	21	173	0	404
1714113821.430	localhost:8000	4096	190	48	3730	128	3834	22	173	0	404
1714113822.292	application/json	1394	57	12	1226	99	1296	30	173	0	404
1714113823.145	95	4792	191	51	4075	475	4425	32	173	0	404
1714113823.988	в	3340	186	47	2604	503	2957	37	118	0	400
1714113824.823	/mask/	1245	53	11	1084	97	1145	21	173	0	404
1714113825.649	localhost:8000	4642	190	49	3967	436	4262	22	173	0	404
1714113826.467	application/json	4551	187	50	3904	410	4181	30	173	0	404
1714113827.277	95	1704	75	17	1479	133	1560	32	173	0	404
1714113828.079	в	3483	200	76	2625	582	3053	37	118	0	400
1714113828.873	/mask/	4647	190	49	3989	419	4267	21	173	0	404
1714113829.660	localhost:8000	2349	196	48	1954	151	2062	22	173	0	404
1714113830.441	application/json	4718	192	50	3967	509	4308	30	173	0	404
1714113831.213	95	2387	186	51	2050	100	2130	32	173	0	404
1714113831.978	в	2040	122	30	1780	108	1864	37	118	0	400
1714113832.738	/mask/	4574	187	50	3927	410	4182	21	173	0	404
1714113833.490	localhost:8000	4666	198	52	3986	430	4293	22	173	0	404
1714113834.237	application/json	1195	49	11	1025	110	1097	30	173	0	404
1714113834.977	95	5205	191	50	4504	460	4822	32	173	0	404
1714113835.711	в	2402	202	50	2025	125	2126	37	118	0	400
1714113836.439	/mask/	4563	185	51	3895	432	4189	21	173	0	404
1714113837.162	localhost:8000	4657	193	50	3982	432	4284	22	173	0	404
1714113837.879	application/json	4714	192	51	4011	460	4314	30	173	0	404
1714113838.591	95	4572	199	73	3876	424	4159	32	173	0	404
1714113839.297	в	1981	113	27	1532	309	1752	37	118	0	400
1714113839.998	/mask/	4761	193	53	4041	474	4375	21	173	0	404
1714113840.694	localhost:8000	4576	201	75	3845	455	4152	22	173	0	404
1714113841.385	application/json	1887	121	30	1635	101	1709	30	173	0	404
1714113842.071	95	4883	203	50	4121	509	4448	32	173	0	404
1714113842.752	в	2112	194	51	1751	116	1839	37	118	0	400
1714113843.428	/mask/	4547	199	75	3830	443	4150	21	173	0	404
1714113844.100	localhost:8000	4729	215	54	4007	453	4319	22	173	0	404
1714113844.768	application/json	3766	196	48	3416	106	3497	30	173	0	404
1714113845.431	95	2937	192	50	2562	133	2667	32	173	0	404
1714113846.089	в	3411	190	50	2567	604	3001	37	118	0	400
1714113846.744	/mask/	5252	227	50	4599	376	4834	21	173	0	404
1714113847.394	localhost:8000	3797	165	59	3227	346	3473	22	173	0	404
1714113848.040	application/json	4792	192	49	4008	543	4428	30	173	0	404
1714113848.682	95	4733	188	50	4010	485	4317	32	173	0	404
1714113849.321	в	1153	69	14	891	179	1020	37	118	0	400
1714113849.955	/mask/	4676	198	51	4014	413	4283	21	173	0	404
1714113850.586	localhost:8000	4748	193	50	4024	481	4320	22	173	0	404
1714113851.213	application/json	1242	54	14	1086	88	1144	30	173	0	404
1714113851.836	95	1222	52	11	1074	85	1123	32	173	0	404
1714113852.455	в	1220	72	17	980	151	1085	37	118	0	400
1714113853.071	/mask/	4672	198	48	4021	405	4307	21	173	0	404
1714113853.684	localhost:8000	4684	195	50	3949	490	4269	22	173	0	404
1714113854.293	application/json	4746	198	48	4075	425	4356	30	173	0	404
1714113854.899	95	4792	192	51	4104	445	4414	32	173	0	404
1714113855.501	в	3341	179	48	2608	506	2941	37	118	0	400
1714113856.101	/mask/	3040	192	51	2696	101	2769	21	173	0	404
1714113856.697	localhost:8000	4760	186	48	4088	438	4386	22	173	0	404
1714113857.288	application/json	5242	203	75	4524	440	4827	30	173	0	404
1714113857.879	95	2444	106	26	2090	222	2244	32	173	0	404
1714113858.466	в	3321	196	72	2575	478	2919	37	118	0	400
1714113859.050	/mask/	4753	195	48	4058	452	4360	21	173	0	404
1714113859.630	localhost:8000	2893	182	50	2604	57	2641	22	173	0	404
1714113860.208	application/json	5849	207	53	5098	491	5499	30	173	0	404
1714113860.783	95	4604	194	50	3937	423	4218	32	173	0	404
1714113861.355	в	905	53	11	735	106	812	37	118	0	400
1714113861.925	/mask/	4655	185	47	3973	450	4268	21	173	0	404
1714113862.491	localhost:8000	4587	194	49	3934	410	4206	22	173	0	404
1714113863.055	application/json	4741	185	50	4015	491	4328	30	173	0	404
1714113863.616	95	4759	212	48	4055	444	4355	32	173	0	404
1714113864.175	в	3500	193	51	2796	460	3101	37	118	0	400
1714113864.731	/mask/	4613	200	73	3959	381	4202	21	173	0	404
1714113865.284	localhost:8000	4818	206	52	4053	507	4405	22	173	0	404
1714113865.835	application/json	1175	54	16	1021	84	1077	30	173	0	404
1714113866.384	95	1317	55	11	1098	153	1223	32	173	0	404
1714113866.930	в	2174	121	30	1651	372	1920	37	118	0	400
1714113867.473	/mask/	3103	187	51	2726	139	2842	21	173	0	404
1714113868.014	localhost:8000	1485	65	21	1287	112	1352	22	173	0	404
1714113868.553	application/json	4739	195	51	4025	468	4331	30	173	0	404
1714113869.089	95	4600	194	72	3926	408	4211	32	173	0	404
1714113869.624	в	3425	197	51	2693	484	3024	37	118	0	400
1714113870.155	/mask/	4662	191	49	3993	429	4280	21	173	0	404
1714113870.685	localhost:8000	4754	186	49	4043	476	4354	22	173	0	404
1714113871.212	application/json	1865	84	18	1592	171	1700	30	173	0	404
1714113871.738	95	1843	74	18	1606	145	1703	32	173	0	404
1714113872.261	в	2800	167	56	2072	505	2424	37	118	0	400
1714113872.782	/mask/	4384	176	47	3789	372	4020	21	173	0	404
1714113873.301	localhost:8000	4684	216	56	3970	442	4270	22	173	0	404
1714113873.817	application/json	1283	81	19	1076	107	1144	30	173	0	404
1714113874.332	95	1304	52	12	1169	71	1208	32	173	0	404
1714113874.845	в	996	56	12	788	140	897	37	118	0	400
1714113875.355	/mask/	1349	53	10	1168	118	1256	21	173	0	404
1714113875.864	localhost:8000	1256	51	12	1104	89	1164	22	173	0	404
1714113876.371	application/json	1572	65	13	1394	100	1466	30	173	0	404
1714113876.875	95	1212	62	15	1051	84	1105	32	173	0	404
1714113877.378	в	907	54	11	731	111	813	37	118	0	400
1714113877.879	/mask/	1275	53	12	1113	97	1170	21	173	0	404
1714113878.377	localhost:8000	1288	53	11	1136	88	1190	22	173	0	404
1714113878.875	application/json	1520	69	15	1315	121	1401	30	173	0	404
1714113879.371	95	1435	65	14	1273	83	1314	32	173	0	404
1714113879.864	в	955	68	14	720	153	839	37	118	0	400
1714113880.356	/mask/	2059	98	31	1756	174	1870	21	173	0	404
1714113880.846	localhost:8000	1261	60	12	1105	84	1157	22	173	0	404
1714113881.334	application/json	1416	69	15	1215	117	1287	30	173	0	404
1714113881.821	95	1284	52	11	1119	102	1191	32	173	0	404
1714113882.306	в	3441	195	51	2656	539	3018	37	118	0	400
1714113882.789	/mask/	4734	191	50	4123	370	4354	21	173	0	404
1714113883.270	localhost:8000	4641	192	49	3983	417	4252	22	173	0	404
1714113883.750	application/json	4673	207	77	3965	424	4259	30	173	0	404
1714113884.228	95	4654	233	54	3940	427	4241	32	173	0	404
1714113884.704	в	3495	230	50	2592	623	3050	37	118	0	400
1714113885.179	/mask/	5414	189	52	5087	86	5145	21	173	0	404
1714113885.653	localhost:8000	2474	192	50	2149	83	2210	22	173	0	404
1714113886.124	application/json	4690	200	50	3920	520	4283	30	173	0	404
1714113886.595	95	3011	194	53	2652	112	2741	32	173	0	404
1714113887.063	в	3441	196	49	2689	507	3032	37	118	0	400
1714113887.530	/mask/	4569	193	51	3894	431	4192	21	173	0	404
1714113887.995	localhost:8000	2126	90	22	1837	177	1951	22	173	0	404
1714113888.459	application/json	1232	50	11	1112	59	1138	30	173	0	404
1714113888.922	95	1163	55	11	1012	85	1060	32	173	0	404
1714113889.383	в	980	53	12	745	170	889	37	118	0	400
1714113889.842	/mask/	4761	203	74	4048	436	4360	21	173	0	404
1714113890.301	localhost:8000	1260	65	12	1121	62	1152	22	173	0	404
1714113890.757	application/json	1952	193	53	1619	87	1689	30	173	0	404
1714113891.213	95	1212	55	16	1085	56	1103	32	173	0	404
1714113891.666	в	2169	187	48	1817	117	1892	37	118	0	400
1714113892.119	/mask/	4728	194	51	4028	455	4288	21	173	0	404
1714113892.570	localhost:8000	4514	190	72	3881	371	4107	22	173	0	404
1714113893.020	application/json	1507	57	16	1303	131	1401	30	173	0	404
1714113893.468	95	1388	63	14	1235	76	1273	32	173	0	404
1714113893.915	в	1993	113	27	1530	323	1765	37	118	0	400
1714113894.361	/mask/	1266	55	14	1075	122	1163	21	173	0	404
1714113894.805	localhost:8000	5629	189	50	4960	430	5262	22	173	0	404
1714113895.248	application/json	2089	103	23	1793	170	1905	30	173	0	404
1714113895.690	95	3096	186	49	2743	118	2825	32	173	0	404
1714113896.130	в	3313	194	51	2605	463	2937	37	118	0	400
1714113896.569	/mask/	2610	187	50	2295	78	2356	21	173	0	404
1714113897.007	localhost:8000	4892	203	53	4030	606	4499	22	173	0	404
1714113897.444	application/json	1255	56	15	1056	128	1151	30	173	0	404
1714113897.879	95	1282	54	12	1127	89	1185	32	173	0	404
1714113898.313	в	987	53	11	783	140	868	37	118	0	400
1714113898.746	/mask/	4804	189	49	4204	362	4380	21	173	0	404
1714113899.178	localhost:8000	4511	199	75	3865	372	4086	22	173	0	404
1714113899.609	application/json	4519	189	52	3912	366	4139	30	173	0	404
1714113900.038	95	1338	62	12	1163	101	1232	32	173	0	404
1714113900.466	в	996	53	11	773	159	899	37	118	0	400
1714113900.893	/mask/	1492	59	14	1352	67	1381	21	173	0	404
1714113901.319	localhost:8000	1277	52	11	1112	102	1169	22	173	0	404
1714113901.744	application/json	4676	221	68	3875	512	4207	30	173	0	404
1714113902.167	95	2645	189	49	2312	95	2386	32	173	0	404
1714113902.589	в	1556	95	24	1224	213	1374	37	118	0	400
1714113903.011	/mask/	4524	196	73	3853	402	4132	21	173	0	404
1714113903.431	localhost:8000	2316	89	21	1963	243	2126	22	173	0	404
1714113903.850	application/json	4639	188	54	3916	481	4259	30	173	0	404
1714113904.268	95	4726	183	45	4066	432	4345	32	173	0	404
1714113904.685	в	1291	76	17	1027	171	1150	37	118	0	400
1714113905.100	/mask/	4612	195	50	3881	486	4224	21	173	0	404
1714113905.516	localhost:8000	1257	52	11	1108	86	1167	22	173	0	404
1714113905.929	application/json	1217	54	11	1076	76	1126	30	173	0	404
1714113906.341	95	4320	192	49	3906	173	4015	32	173	0	404
1714113906.753	в	942	60	13	731	138	840	37	118	0	400
1714113907.163	/mask/	3307	196	56	2955	100	3037	21	173	0	404
1714113907.573	localhost:8000	3136	181	47	2808	100	2886	22	173	0	404
1714113907.981	application/json	1507	80	19	1299	109	1365	30	173	0	404
1714113908.389	95	1249	58	11	1057	123	1152	32	173	0	404
1714113908.795	в	3186	171	67	2509	439	2896	37	118	0	400
1714113909.201	/mask/	4615	182	50	3916	467	4261	21	173	0	404
1714113909.605	localhost:8000	2511	189	51	2213	58	2248	22	173	0	404
1714113910.008	application/json	1650	89	18	1413	130	1500	30	173	0	404
1714113910.411	95	1221	56	11	1018	136	1118	32	173	0	404
1714113910.812	в	1004	66	13	770	155	893	37	118	0	400
1714113911.213	/mask/	1271	55	11	1117	88	1179	21	173	0	404
1714113911.612	localhost:8000	3147	209	45	2770	123	2873	22	173	0	404
1714113912.011	application/json	1283	56	11	1115	101	1185	30	173	0	404
1714113912.408	95	1202	55	10	1012	125	1099	32	173	0	404
1714113912.805	в	3498	188	51	2593	666	3078	37	118	0	400
1714113913.201	/mask/	4668	199	72	3916	481	4273	21	173	0	404
1714113913.595	localhost:8000	4719	194	50	4009	466	4330	22	173	0	404
1714113913.989	application/json	1956	84	20	1670	182	1799	30	173	0	404
1714113914.382	95	1692	56	11	1509	116	1593	32	173	0	404
1714113914.774	в	3398	186	48	2680	484	3022	37	118	0	400
1714113915.166	/mask/	5343	192	50	4622	479	4952	21	173	0	404
1714113915.556	localhost:8000	4686	197	51	3994	444	4295	22	173	0	404
1714113915.945	application/json	1851	76	22	1606	147	1697	30	173	0	404
1714113916.334	95	1292	51	10	1132	99	1200	32	173	0	404
1714113916.721	в	3558	190	53	2701	614	3151	37	118	0	400
1714113917.108	/mask/	4732	205	73	3934	520	4312	21	173	0	404
1714113917.494	localhost:8000	1841	88	20	1660	73	1707	22	173	0	404
1714113917.879	application/json	1298	50	11	1110	127	1208	30	173	0	404
1714113918.263	95	1591	68	16	1355	152	1462	32	173	0	404
1714113918.647	в	3360	173	45	2640	502	2960	37	118	0	400
1714113919.030	/mask/	3412	193	55	3041	123	3146	21	173	0	404
1714113919.411	localhost:8000	1205	54	15	1052	84	1105	22	173	0	404
1714113919.792	application/json	4561	197	50	3800	514	4155	30	173	0	404
1714113920.172	95	4744	248	53	3910	533	4275	32	173	0	404
1714113920.551	в	2520	202	58	2117	143	2239	37	118	0	400
1714113920.929	/mask/	1279	58	13	1113	95	1175	21	173	0	404
1714113921.307	localhost:8000	1178	55	12	1021	90	1075	22	173	0	404
1714113921.684	application/json	2063	84	16	1761	202	1903	30	173	0	404
1714113922.059	95	4626	191	73	3898	464	4220	32	173	0	404
1714113922.435	в	1050	66	20	831	133	921	37	118	0	400
1714113922.809	/mask/	4588	180	49	3958	401	4238	21	173	0	404
1714113923.183	localhost:8000	4607	185	50	3974	398	4239	22	173	0	404
1714113923.555	application/json	1299	51	11	1069	168	1191	30	173	0	404
1714113923.927	95	1857	99	26	1609	123	1681	32	173	0	404
1714113924.299	в	3036	196	48	2679	113	2757	37	118	0	400
1714113924.669	/mask/	2632	202	53	2287	90	2354	21	173	0	404
1714113925.039	localhost:8000	2903	125	34	2517	227	2656	22	173	0	404
1714113925.408	application/json	1168	54	12	1015	87	1073	30	173	0	404
1714113925.776	95	1203	47	11	1014	131	1115	32	173	0	404
1714113926.144	в	2810	237	61	2378	134	2479	37	118	0	400
1714113926.510	/mask/	4632	189	50	3963	430	4252	21	173	0	404
1714113926.876	localhost:8000	4468	207	54	3756	451	4084	22	173	0	404
1714113927.242	application/json	4720	194	47	3989	490	4309	30	173	0	404
1714113927.606	95	4605	187	52	3968	398	4225	32	173	0	404
1714113927.970	в	1212	66	14	975	157	1087	37	118	0	400
1714113928.333	/mask/	1466	59	12	1289	106	1363	21	173	0	404
1714113928.696	localhost:8000	4553	233	73	3758	489	4098	22	173	0	404
1714113929.057	application/json	3529	125	22	3068	314	3267	30	173	0	404
1714113929.418	95	1299	55	11	1142	91	1203	32	173	0	404
1714113929.778	в	3259	174	49	2553	483	2892	37	118	0	400
1714113930.138	/mask/	4551	187	50	3930	384	4169	21	173	0	404
1714113930.497	localhost:8000	2338	92	22	2053	171	2155	22	173	0	404
1714113930.856	application/json	2406	186	48	2093	79	2151	30	173	0	404
1714113931.212	95	4993	185	51	4327	430	4615	32	173	0	404
1714113931.570	в	1041	59	13	853	116	930	37	118	0	400
1714113931.925	/mask/	1172	48	10	1026	88	1082	21	173	0	404
1714113932.281	localhost:8000	4607	188	50	3943	426	4231	22	173	0	404
1714113932.636	application/json	4761	196	50	4025	490	4345	30	173	0	404
1714113932.990	95	1441	69	20	1230	122	1308	32	173	0	404
1714113933.343	в	3188	166	45	2479	498	2842	37	118	0	400
1714113933.696	/mask/	4679	197	50	3998	434	4300	21	173	0	404
1714113934.048	localhost:8000	1238	55	15	1081	87	1139	22	173	0	404
1714113934.400	application/json	5077	193	48	4410	426	4690	30	173	0	404
1714113934.750	95	4667	187	49	3960	471	4255	32	173	0	404
1714113935.101	в	938	54	12	771	101	829	37	118	0	400
1714113935.450	/mask/	1225	76	12	1051	86	1122	21	173	0	404
1714113935.799	localhost:8000	4204	193	51	3878	82	3938	22	173	0	404
