2024-04-26 06:42:05,457 [INFO] root tankworker.py:153	Log file created
2024-04-26 06:42:05,457 [INFO] root tankworker.py:157	Logging handler <FileHandler /var/loadtest/tank_errors.log (WARNING)> added
2024-04-26 06:42:05,457 [INFO] root tankworker.py:157	Logging handler <StreamHandler <stdout> (INFO)> added
2024-04-26 06:42:05,457 [INFO] root tankworker.py:157	Logging handler <StreamHandler <stderr> (NOTSET)> added
2024-04-26 06:42:05,464 [INFO] root tankworker.py:69	Created a folder for the test. /var/loadtest/logs/2024-04-26_06-42-05.441941
2024-04-26 06:42:05,464 [INFO] yandextank.core.tankcore tankcore.py:254	Configuring plugins...
2024-04-26 06:42:05,464 [INFO] yandextank.core.tankcore tankcore.py:205	Loading plugins...
2024-04-26 06:42:05,464 [INFO] yandextank.core.tankcore tankcore.py:215	Trying to import module: autostop
2024-04-26 06:42:05,464 [INFO] yandextank.core.tankcore tankcore.py:216	Path: yandextank.plugins.Autostop
2024-04-26 06:42:05,465 [INFO] yandextank.core.tankcore tankcore.py:215	Trying to import module: console
2024-04-26 06:42:05,465 [INFO] yandextank.core.tankcore tankcore.py:216	Path: yandextank.plugins.Console
2024-04-26 06:42:05,465 [INFO] yandextank.core.tankcore tankcore.py:215	Trying to import module: json_report
2024-04-26 06:42:05,465 [INFO] yandextank.core.tankcore tankcore.py:216	Path: yandextank.plugins.JsonReport
2024-04-26 06:42:05,465 [INFO] yandextank.core.tankcore tankcore.py:215	Trying to import module: phantom
2024-04-26 06:42:05,465 [INFO] yandextank.core.tankcore tankcore.py:216	Path: yandextank.plugins.Phantom
2024-04-26 06:42:05,465 [INFO] yandextank.core.tankcore tankcore.py:215	Trying to import module: rcheck
2024-04-26 06:42:05,465 [INFO] yandextank.core.tankcore tankcore.py:216	Path: yandextank.plugins.ResourceCheck
2024-04-26 06:42:05,465 [INFO] yandextank.core.tankcore tankcore.py:215	Trying to import module: shellexec
2024-04-26 06:42:05,465 [INFO] yandextank.core.tankcore tankcore.py:216	Path: yandextank.plugins.ShellExec
2024-04-26 06:42:05,465 [INFO] yandextank.core.tankcore tankcore.py:215	Trying to import module: rcassert
2024-04-26 06:42:05,465 [INFO] yandextank.core.tankcore tankcore.py:216	Path: yandextank.plugins.RCAssert
2024-04-26 06:42:05,468 [ERROR] yandextank.common.util util.py:815	Exception occurred:
<class 'ValueError'>: invalid literal for int() with base 10: '8000/mask'
  File "/usr/local/lib/python3.8/dist-packages/yandextank/core/tankworker.py", line 70, in run
    self.core.plugins_configure()

  File "/usr/local/lib/python3.8/dist-packages/yandextank/core/tankcore.py", line 262, in plugins_configure
    plugin.configure()

  File "/usr/local/lib/python3.8/dist-packages/yandextank/plugins/Phantom/plugin.py", line 67, in configure
    self.phantom_config = self.phantom.config_file

  File "/usr/local/lib/python3.8/dist-packages/yandextank/plugins/Phantom/plugin.py", line 76, in phantom
    self._phantom.read_config()

  File "/usr/local/lib/python3.8/dist-packages/yandextank/plugins/Phantom/utils.py", line 95, in read_config
    stream.read_config()

  File "/usr/local/lib/python3.8/dist-packages/yandextank/plugins/Phantom/utils.py", line 274, in read_config
    self.ipv6, self.resolved_ip, self.port, self.address = self.address_wizard.resolve(

  File "/usr/local/lib/python3.8/dist-packages/yandextank/common/util.py", line 553, in resolve
    port = int(parts[1])

2024-04-26 06:42:05,468 [INFO] yandextank.common.util util.py:816	Trying to clean up
2024-04-26 06:42:05,468 [INFO] yandextank.core.tankcore tankcore.py:630	Releasing lock: /var/lock/lunapark_vaf8yx2j.lock
2024-04-26 06:42:05,470 [INFO] yandextank.core.tankcore tankcore.py:405	Artifacts dir: /var/loadtest/logs/2024-04-26_06-42-05.441941
2024-04-26 06:42:05,470 [INFO] yandextank.core.tankcore tankcore.py:461	File not found to collect: validation_error.yaml
2024-04-26 06:42:05,470 [INFO] yandextank.core.tankcore tankcore.py:466	File already exists: /var/loadtest/logs/2024-04-26_06-42-05.441941/answ_dyp74xph.log
2024-04-26 06:42:05,470 [INFO] yandextank.core.tankcore tankcore.py:466	File already exists: /var/loadtest/logs/2024-04-26_06-42-05.441941/phout_qx9iodvk.log
2024-04-26 06:42:05,470 [INFO] yandextank.core.tankcore tankcore.py:466	File already exists: /var/loadtest/logs/2024-04-26_06-42-05.441941/phantom_stat_5tcpwm4t.log
2024-04-26 06:42:05,470 [INFO] yandextank.core.tankcore tankcore.py:466	File already exists: /var/loadtest/logs/2024-04-26_06-42-05.441941/phantom_cfzmm6x7.log
