2024-04-26 07:21:11.273 +0000 [info] [] Start
2024-04-26 07:21:44.552 +0000 [error] [benchmark_io 026] poll: Connection timed out
2024-04-26 07:21:45.299 +0000 [error] [benchmark_io 027] poll: Connection timed out
2024-04-26 07:21:46.039 +0000 [error] [benchmark_io 028] poll: Connection timed out
2024-04-26 07:21:46.772 +0000 [error] [benchmark_io 029] poll: Connection timed out
2024-04-26 07:21:47.501 +0000 [error] [benchmark_io 030] poll: Connection timed out
2024-04-26 07:21:49.652 +0000 [error] [benchmark_io 033] poll: Connection timed out
2024-04-26 07:21:50.358 +0000 [error] [benchmark_io 034] poll: Connection timed out
2024-04-26 07:21:51.085 +0000 [error] [benchmark_io 035] poll: Connection timed out
2024-04-26 07:21:51.756 +0000 [error] [benchmark_io 036] poll: Connection timed out
2024-04-26 07:21:52.447 +0000 [error] [benchmark_io 037] poll: Connection timed out
2024-04-26 07:21:53.133 +0000 [error] [benchmark_io 038] poll: Connection timed out
2024-04-26 07:21:53.813 +0000 [error] [benchmark_io 039] poll: Connection timed out
2024-04-26 07:21:54.490 +0000 [error] [benchmark_io 040] poll: Connection timed out
2024-04-26 07:21:55.162 +0000 [error] [benchmark_io 041] poll: Connection timed out
2024-04-26 07:21:55.832 +0000 [error] [benchmark_io 042] poll: Connection timed out
2024-04-26 07:21:56.492 +0000 [error] [benchmark_io 043] poll: Connection timed out
2024-04-26 07:21:57.150 +0000 [error] [benchmark_io 044] poll: Connection timed out
2024-04-26 07:21:57.806 +0000 [error] [benchmark_io 045] poll: Connection timed out
2024-04-26 07:21:58.455 +0000 [error] [benchmark_io 046] poll: Connection timed out
2024-04-26 07:21:59.103 +0000 [error] [benchmark_io 047] poll: Connection timed out
2024-04-26 07:21:59.744 +0000 [error] [benchmark_io 048] poll: Connection timed out
2024-04-26 07:22:00.383 +0000 [error] [benchmark_io 049] poll: Connection timed out
2024-04-26 07:22:01.018 +0000 [error] [benchmark_io 050] poll: Connection timed out
2024-04-26 07:22:01.648 +0000 [error] [benchmark_io 051] poll: Connection timed out
2024-04-26 07:22:02.275 +0000 [error] [benchmark_io 052] poll: Connection timed out
2024-04-26 07:22:02.898 +0000 [error] [benchmark_io 053] poll: Connection timed out
2024-04-26 07:22:03.518 +0000 [error] [benchmark_io 054] poll: Connection timed out
2024-04-26 07:22:04.133 +0000 [error] [benchmark_io 055] poll: Connection timed out
2024-04-26 07:22:04.746 +0000 [error] [benchmark_io 056] poll: Connection timed out
2024-04-26 07:22:05.355 +0000 [error] [benchmark_io 057] poll: Connection timed out
2024-04-26 07:22:05.960 +0000 [error] [benchmark_io 058] poll: Connection timed out
2024-04-26 07:22:06.563 +0000 [error] [benchmark_io 059] poll: Connection timed out
2024-04-26 07:22:07.163 +0000 [error] [benchmark_io 060] poll: Connection timed out
2024-04-26 07:22:07.759 +0000 [error] [benchmark_io 061] poll: Connection timed out
2024-04-26 07:22:08.350 +0000 [error] [benchmark_io 062] poll: Connection timed out
2024-04-26 07:22:08.941 +0000 [error] [benchmark_io 063] poll: Connection timed out
2024-04-26 07:22:09.528 +0000 [error] [benchmark_io 064] poll: Connection timed out
2024-04-26 07:22:10.111 +0000 [error] [benchmark_io 065] poll: Connection timed out
2024-04-26 07:22:10.692 +0000 [error] [benchmark_io 066] poll: Connection timed out
2024-04-26 07:22:11.270 +0000 [error] [benchmark_io 067] poll: Connection timed out
2024-04-26 07:22:11.844 +0000 [error] [benchmark_io 068] poll: Connection timed out
2024-04-26 07:22:12.417 +0000 [error] [benchmark_io 069] poll: Connection timed out
2024-04-26 07:22:12.986 +0000 [error] [benchmark_io 070] poll: Connection timed out
2024-04-26 07:22:13.552 +0000 [error] [benchmark_io 071] poll: Connection timed out
2024-04-26 07:22:14.118 +0000 [error] [benchmark_io 072] poll: Connection timed out
2024-04-26 07:22:14.677 +0000 [error] [benchmark_io 073] poll: Connection timed out
2024-04-26 07:22:15.238 +0000 [error] [benchmark_io 074] poll: Connection timed out
2024-04-26 07:22:15.793 +0000 [error] [benchmark_io 075] poll: Connection timed out
2024-04-26 07:22:16.346 +0000 [error] [benchmark_io 076] poll: Connection timed out
2024-04-26 07:22:16.897 +0000 [error] [benchmark_io 077] poll: Connection timed out
2024-04-26 07:22:17.446 +0000 [error] [benchmark_io 078] poll: Connection timed out
2024-04-26 07:22:17.992 +0000 [error] [benchmark_io 079] poll: Connection timed out
2024-04-26 07:22:18.534 +0000 [error] [benchmark_io 080] poll: Connection timed out
2024-04-26 07:22:19.076 +0000 [error] [benchmark_io 081] poll: Connection timed out
2024-04-26 07:22:19.615 +0000 [error] [benchmark_io 082] poll: Connection timed out
2024-04-26 07:22:20.151 +0000 [error] [benchmark_io 083] poll: Connection timed out
2024-04-26 07:22:20.686 +0000 [error] [benchmark_io 084] poll: Connection timed out
2024-04-26 07:22:21.217 +0000 [error] [benchmark_io 085] poll: Connection timed out
2024-04-26 07:22:21.747 +0000 [error] [benchmark_io 086] poll: Connection timed out
2024-04-26 07:22:22.275 +0000 [error] [benchmark_io 087] poll: Connection timed out
2024-04-26 07:22:22.800 +0000 [error] [benchmark_io 088] poll: Connection timed out
2024-04-26 07:22:23.323 +0000 [error] [benchmark_io 089] poll: Connection timed out
2024-04-26 07:22:23.844 +0000 [error] [benchmark_io 090] poll: Connection timed out
2024-04-26 07:22:24.364 +0000 [error] [benchmark_io 091] poll: Connection timed out
2024-04-26 07:22:24.878 +0000 [error] [benchmark_io 092] poll: Connection timed out
2024-04-26 07:22:25.394 +0000 [error] [benchmark_io 093] poll: Connection timed out
2024-04-26 07:22:25.907 +0000 [error] [benchmark_io 094] poll: Connection timed out
2024-04-26 07:22:26.417 +0000 [error] [benchmark_io 095] poll: Connection timed out
2024-04-26 07:22:26.926 +0000 [error] [benchmark_io 096] poll: Connection timed out
2024-04-26 07:22:27.432 +0000 [error] [benchmark_io 097] poll: Connection timed out
2024-04-26 07:22:27.936 +0000 [error] [benchmark_io 098] poll: Connection timed out
2024-04-26 07:22:28.440 +0000 [error] [benchmark_io 099] poll: Connection timed out
2024-04-26 07:22:28.941 +0000 [error] [benchmark_io 100] poll: Connection timed out
2024-04-26 07:22:29.440 +0000 [error] [benchmark_io 101] poll: Connection timed out
2024-04-26 07:22:29.937 +0000 [error] [benchmark_io 102] poll: Connection timed out
2024-04-26 07:22:30.433 +0000 [error] [benchmark_io 103] poll: Connection timed out
2024-04-26 07:22:30.926 +0000 [error] [benchmark_io 104] poll: Connection timed out
2024-04-26 07:22:31.418 +0000 [error] [benchmark_io 105] poll: Connection timed out
2024-04-26 07:22:31.908 +0000 [error] [benchmark_io 106] poll: Connection timed out
2024-04-26 07:22:32.396 +0000 [error] [benchmark_io 107] poll: Connection timed out
2024-04-26 07:22:32.883 +0000 [error] [benchmark_io 108] poll: Connection timed out
2024-04-26 07:22:33.368 +0000 [error] [benchmark_io 109] poll: Connection timed out
2024-04-26 07:22:33.851 +0000 [error] [benchmark_io 110] poll: Connection timed out
2024-04-26 07:22:34.331 +0000 [error] [benchmark_io 111] poll: Connection timed out
2024-04-26 07:22:34.812 +0000 [error] [benchmark_io 112] poll: Connection timed out
2024-04-26 07:22:35.291 +0000 [error] [benchmark_io 113] poll: Connection timed out
2024-04-26 07:22:35.766 +0000 [error] [benchmark_io 114] poll: Connection timed out
2024-04-26 07:22:36.241 +0000 [error] [benchmark_io 115] poll: Connection timed out
2024-04-26 07:22:36.714 +0000 [error] [benchmark_io 116] poll: Connection timed out
2024-04-26 07:22:37.186 +0000 [error] [benchmark_io 117] poll: Connection timed out
2024-04-26 07:22:37.655 +0000 [error] [benchmark_io 118] poll: Connection timed out
2024-04-26 07:22:38.125 +0000 [error] [benchmark_io 119] poll: Connection timed out
2024-04-26 07:22:38.592 +0000 [error] [benchmark_io 120] poll: Connection timed out
2024-04-26 07:22:39.056 +0000 [error] [benchmark_io 121] poll: Connection timed out
2024-04-26 07:22:39.520 +0000 [error] [benchmark_io 122] poll: Connection timed out
2024-04-26 07:22:39.984 +0000 [error] [benchmark_io 123] poll: Connection timed out
2024-04-26 07:22:40.446 +0000 [error] [benchmark_io 124] poll: Connection timed out
2024-04-26 07:22:40.904 +0000 [error] [benchmark_io 125] poll: Connection timed out
2024-04-26 07:22:41.363 +0000 [error] [benchmark_io 126] poll: Connection timed out
2024-04-26 07:22:41.820 +0000 [error] [benchmark_io 127] poll: Connection timed out
2024-04-26 07:22:42.275 +0000 [error] [benchmark_io 128] poll: Connection timed out
2024-04-26 07:22:42.728 +0000 [error] [benchmark_io 129] poll: Connection timed out
2024-04-26 07:22:43.180 +0000 [error] [benchmark_io 130] poll: Connection timed out
2024-04-26 07:22:43.631 +0000 [error] [benchmark_io 131] poll: Connection timed out
2024-04-26 07:22:44.082 +0000 [error] [benchmark_io 132] poll: Connection timed out
2024-04-26 07:22:44.530 +0000 [error] [benchmark_io 133] poll: Connection timed out
2024-04-26 07:22:44.977 +0000 [error] [benchmark_io 134] poll: Connection timed out
2024-04-26 07:22:45.423 +0000 [error] [benchmark_io 135] poll: Connection timed out
2024-04-26 07:22:45.867 +0000 [error] [benchmark_io 136] poll: Connection timed out
2024-04-26 07:22:46.309 +0000 [error] [benchmark_io 137] poll: Connection timed out
2024-04-26 07:22:46.752 +0000 [error] [benchmark_io 138] poll: Connection timed out
2024-04-26 07:22:47.192 +0000 [error] [benchmark_io 139] poll: Connection timed out
2024-04-26 07:22:47.632 +0000 [error] [benchmark_io 140] poll: Connection timed out
2024-04-26 07:22:48.068 +0000 [error] [benchmark_io 141] poll: Connection timed out
2024-04-26 07:22:48.506 +0000 [error] [benchmark_io 142] poll: Connection timed out
2024-04-26 07:22:48.941 +0000 [error] [benchmark_io 143] poll: Connection timed out
2024-04-26 07:22:49.375 +0000 [error] [benchmark_io 144] poll: Connection timed out
2024-04-26 07:22:49.807 +0000 [error] [benchmark_io 145] poll: Connection timed out
2024-04-26 07:22:50.239 +0000 [error] [benchmark_io 146] poll: Connection timed out
2024-04-26 07:22:50.671 +0000 [error] [benchmark_io 147] poll: Connection timed out
2024-04-26 07:22:51.100 +0000 [error] [benchmark_io 148] poll: Connection timed out
2024-04-26 07:22:51.527 +0000 [error] [benchmark_io 149] poll: Connection timed out
2024-04-26 07:22:51.954 +0000 [error] [benchmark_io 150] poll: Connection timed out
2024-04-26 07:22:52.381 +0000 [error] [benchmark_io 151] poll: Connection timed out
2024-04-26 07:22:52.805 +0000 [error] [benchmark_io 152] poll: Connection timed out
2024-04-26 07:22:53.229 +0000 [error] [benchmark_io 153] poll: Connection timed out
2024-04-26 07:22:53.651 +0000 [error] [benchmark_io 154] poll: Connection timed out
2024-04-26 07:22:54.073 +0000 [error] [benchmark_io 155] poll: Connection timed out
2024-04-26 07:22:54.492 +0000 [error] [benchmark_io 156] poll: Connection timed out
2024-04-26 07:22:54.911 +0000 [error] [benchmark_io 157] poll: Connection timed out
2024-04-26 07:22:55.330 +0000 [error] [benchmark_io 158] poll: Connection timed out
2024-04-26 07:22:55.746 +0000 [error] [benchmark_io 159] poll: Connection timed out
2024-04-26 07:22:56.161 +0000 [error] [benchmark_io 160] poll: Connection timed out
2024-04-26 07:22:56.576 +0000 [error] [benchmark_io 161] poll: Connection timed out
2024-04-26 07:22:56.991 +0000 [error] [benchmark_io 162] poll: Connection timed out
2024-04-26 07:22:57.403 +0000 [error] [benchmark_io 163] poll: Connection timed out
2024-04-26 07:22:57.815 +0000 [error] [benchmark_io 164] poll: Connection timed out
2024-04-26 07:22:58.225 +0000 [error] [benchmark_io 165] poll: Connection timed out
2024-04-26 07:22:58.635 +0000 [error] [benchmark_io 166] poll: Connection timed out
2024-04-26 07:22:59.043 +0000 [error] [benchmark_io 167] poll: Connection timed out
2024-04-26 07:22:59.450 +0000 [error] [benchmark_io 168] poll: Connection timed out
2024-04-26 07:22:59.857 +0000 [error] [benchmark_io 169] poll: Connection timed out
2024-04-26 07:23:00.262 +0000 [error] [benchmark_io 170] poll: Connection timed out
2024-04-26 07:23:00.667 +0000 [error] [benchmark_io 171] poll: Connection timed out
2024-04-26 07:23:01.070 +0000 [error] [benchmark_io 172] poll: Connection timed out
2024-04-26 07:23:01.473 +0000 [error] [benchmark_io 173] poll: Connection timed out
2024-04-26 07:23:01.874 +0000 [error] [benchmark_io 174] poll: Connection timed out
2024-04-26 07:23:02.275 +0000 [error] [benchmark_io 175] poll: Connection timed out
2024-04-26 07:23:02.673 +0000 [error] [benchmark_io 176] poll: Connection timed out
2024-04-26 07:23:03.073 +0000 [error] [benchmark_io 177] poll: Connection timed out
2024-04-26 07:23:03.469 +0000 [error] [benchmark_io 178] poll: Connection timed out
2024-04-26 07:23:03.867 +0000 [error] [benchmark_io 179] poll: Connection timed out
2024-04-26 07:23:04.262 +0000 [error] [benchmark_io 180] poll: Connection timed out
2024-04-26 07:23:04.657 +0000 [error] [benchmark_io 181] poll: Connection timed out
2024-04-26 07:23:05.052 +0000 [error] [benchmark_io 182] poll: Connection timed out
2024-04-26 07:23:05.444 +0000 [error] [benchmark_io 183] poll: Connection timed out
2024-04-26 07:23:05.835 +0000 [error] [benchmark_io 184] poll: Connection timed out
2024-04-26 07:23:06.228 +0000 [error] [benchmark_io 185] poll: Connection timed out
2024-04-26 07:23:06.618 +0000 [error] [benchmark_io 186] poll: Connection timed out
2024-04-26 07:23:07.007 +0000 [error] [benchmark_io 187] poll: Connection timed out
2024-04-26 07:23:07.396 +0000 [error] [benchmark_io 188] poll: Connection timed out
2024-04-26 07:23:07.783 +0000 [error] [benchmark_io 189] poll: Connection timed out
2024-04-26 07:23:08.170 +0000 [error] [benchmark_io 190] poll: Connection timed out
2024-04-26 07:23:08.556 +0000 [error] [benchmark_io 191] poll: Connection timed out
2024-04-26 07:23:08.941 +0000 [error] [benchmark_io 192] poll: Connection timed out
2024-04-26 07:23:09.325 +0000 [error] [benchmark_io 193] poll: Connection timed out
2024-04-26 07:23:09.708 +0000 [error] [benchmark_io 194] poll: Connection timed out
2024-04-26 07:23:10.091 +0000 [error] [benchmark_io 195] poll: Connection timed out
2024-04-26 07:23:10.473 +0000 [error] [benchmark_io 196] poll: Connection timed out
2024-04-26 07:23:10.854 +0000 [error] [benchmark_io 197] poll: Connection timed out
2024-04-26 07:23:11.234 +0000 [error] [benchmark_io 198] poll: Connection timed out
2024-04-26 07:23:11.612 +0000 [error] [benchmark_io 199] poll: Connection timed out
2024-04-26 07:23:11.992 +0000 [error] [benchmark_io 200] poll: Connection timed out
2024-04-26 07:23:12.368 +0000 [error] [benchmark_io 201] poll: Connection timed out
2024-04-26 07:23:12.745 +0000 [error] [benchmark_io 202] poll: Connection timed out
2024-04-26 07:23:13.123 +0000 [error] [benchmark_io 203] poll: Connection timed out
2024-04-26 07:23:13.497 +0000 [error] [benchmark_io 204] poll: Connection timed out
2024-04-26 07:23:13.871 +0000 [error] [benchmark_io 205] poll: Connection timed out
2024-04-26 07:23:14.246 +0000 [error] [benchmark_io 206] poll: Connection timed out
2024-04-26 07:23:14.617 +0000 [error] [benchmark_io 207] poll: Connection timed out
2024-04-26 07:23:14.988 +0000 [error] [benchmark_io 208] poll: Connection timed out
2024-04-26 07:23:15.360 +0000 [error] [benchmark_io 209] poll: Connection timed out
2024-04-26 07:23:15.731 +0000 [error] [benchmark_io 210] poll: Connection timed out
2024-04-26 07:23:16.101 +0000 [error] [benchmark_io 211] poll: Connection timed out
2024-04-26 07:23:16.470 +0000 [error] [benchmark_io 212] poll: Connection timed out
2024-04-26 07:23:16.838 +0000 [error] [benchmark_io 213] poll: Connection timed out
2024-04-26 07:23:17.206 +0000 [error] [benchmark_io 214] poll: Connection timed out
2024-04-26 07:23:17.572 +0000 [error] [benchmark_io 215] poll: Connection timed out
2024-04-26 07:23:17.938 +0000 [error] [benchmark_io 216] poll: Connection timed out
2024-04-26 07:23:18.304 +0000 [error] [benchmark_io 217] poll: Connection timed out
2024-04-26 07:23:18.667 +0000 [error] [benchmark_io 218] poll: Connection timed out
2024-04-26 07:23:19.032 +0000 [error] [benchmark_io 219] poll: Connection timed out
2024-04-26 07:23:19.395 +0000 [error] [benchmark_io 220] poll: Connection timed out
2024-04-26 07:23:19.757 +0000 [error] [benchmark_io 221] poll: Connection timed out
2024-04-26 07:23:20.119 +0000 [error] [benchmark_io 222] poll: Connection timed out
2024-04-26 07:23:20.479 +0000 [error] [benchmark_io 223] poll: Connection timed out
2024-04-26 07:23:20.839 +0000 [error] [benchmark_io 224] poll: Connection timed out
2024-04-26 07:23:21.200 +0000 [error] [benchmark_io 225] poll: Connection timed out
2024-04-26 07:23:21.559 +0000 [error] [benchmark_io 226] poll: Connection timed out
2024-04-26 07:23:21.917 +0000 [error] [benchmark_io 227] poll: Connection timed out
2024-04-26 07:23:22.273 +0000 [error] [benchmark_io 228] poll: Connection timed out
2024-04-26 07:23:22.630 +0000 [error] [benchmark_io 229] poll: Connection timed out
2024-04-26 07:23:22.987 +0000 [error] [benchmark_io 230] poll: Connection timed out
2024-04-26 07:23:23.342 +0000 [error] [benchmark_io 231] poll: Connection timed out
2024-04-26 07:23:23.698 +0000 [error] [benchmark_io 232] poll: Connection timed out
2024-04-26 07:23:24.052 +0000 [error] [benchmark_io 233] poll: Connection timed out
2024-04-26 07:23:24.405 +0000 [error] [benchmark_io 234] poll: Connection timed out
2024-04-26 07:23:24.759 +0000 [error] [benchmark_io 235] poll: Connection timed out
2024-04-26 07:23:25.110 +0000 [error] [benchmark_io 236] poll: Connection timed out
2024-04-26 07:23:25.463 +0000 [error] [benchmark_io 237] poll: Connection timed out
2024-04-26 07:23:25.812 +0000 [error] [benchmark_io 238] poll: Connection timed out
2024-04-26 07:23:26.163 +0000 [error] [benchmark_io 239] poll: Connection timed out
2024-04-26 07:23:26.512 +0000 [error] [benchmark_io 240] poll: Connection timed out
2024-04-26 07:23:26.861 +0000 [error] [benchmark_io 241] poll: Connection timed out
2024-04-26 07:23:27.209 +0000 [error] [benchmark_io 242] poll: Connection timed out
2024-04-26 07:23:27.557 +0000 [error] [benchmark_io 243] poll: Connection timed out
2024-04-26 07:23:27.904 +0000 [error] [benchmark_io 244] poll: Connection timed out
2024-04-26 07:23:28.249 +0000 [error] [benchmark_io 245] poll: Connection timed out
2024-04-26 07:23:28.596 +0000 [error] [benchmark_io 246] poll: Connection timed out
2024-04-26 07:23:28.941 +0000 [error] [benchmark_io 247] poll: Connection timed out
2024-04-26 07:23:29.287 +0000 [error] [benchmark_io 248] poll: Connection timed out
2024-04-26 07:23:29.630 +0000 [error] [benchmark_io 249] poll: Connection timed out
2024-04-26 07:23:29.973 +0000 [error] [benchmark_io 250] poll: Connection timed out
2024-04-26 07:23:30.316 +0000 [error] [benchmark_io 251] poll: Connection timed out
2024-04-26 07:23:30.658 +0000 [error] [benchmark_io 252] poll: Connection timed out
2024-04-26 07:23:30.999 +0000 [error] [benchmark_io 253] poll: Connection timed out
2024-04-26 07:23:31.340 +0000 [error] [benchmark_io 254] poll: Connection timed out
2024-04-26 07:23:31.680 +0000 [error] [benchmark_io 255] poll: Connection timed out
2024-04-26 07:23:32.020 +0000 [error] [benchmark_io 256] poll: Connection timed out
2024-04-26 07:23:32.359 +0000 [error] [benchmark_io 257] poll: Connection timed out
2024-04-26 07:23:32.698 +0000 [error] [benchmark_io 258] poll: Connection timed out
2024-04-26 07:23:33.036 +0000 [error] [benchmark_io 259] poll: Connection timed out
2024-04-26 07:23:33.373 +0000 [error] [benchmark_io 260] poll: Connection timed out
2024-04-26 07:23:33.709 +0000 [error] [benchmark_io 261] poll: Connection timed out
2024-04-26 07:23:34.047 +0000 [error] [benchmark_io 262] poll: Connection timed out
2024-04-26 07:23:34.382 +0000 [error] [benchmark_io 263] poll: Connection timed out
2024-04-26 07:23:34.716 +0000 [error] [benchmark_io 264] poll: Connection timed out
2024-04-26 07:23:35.052 +0000 [error] [benchmark_io 265] poll: Connection timed out
2024-04-26 07:23:35.385 +0000 [error] [benchmark_io 266] poll: Connection timed out
2024-04-26 07:23:35.718 +0000 [error] [benchmark_io 267] poll: Connection timed out
2024-04-26 07:23:36.052 +0000 [error] [benchmark_io 268] poll: Connection timed out
2024-04-26 07:23:36.384 +0000 [error] [benchmark_io 269] poll: Connection timed out
2024-04-26 07:23:36.716 +0000 [error] [benchmark_io 270] poll: Connection timed out
2024-04-26 07:23:37.047 +0000 [error] [benchmark_io 271] poll: Connection timed out
2024-04-26 07:23:37.378 +0000 [error] [benchmark_io 272] poll: Connection timed out
2024-04-26 07:23:37.708 +0000 [error] [benchmark_io 273] poll: Connection timed out
2024-04-26 07:23:38.038 +0000 [error] [benchmark_io 274] poll: Connection timed out
2024-04-26 07:23:38.366 +0000 [error] [benchmark_io 275] poll: Connection timed out
2024-04-26 07:23:38.695 +0000 [error] [benchmark_io 276] poll: Connection timed out
2024-04-26 07:23:39.022 +0000 [error] [benchmark_io 277] poll: Connection timed out
2024-04-26 07:23:39.350 +0000 [error] [benchmark_io 278] poll: Connection timed out
2024-04-26 07:23:39.678 +0000 [error] [benchmark_io 279] poll: Connection timed out
2024-04-26 07:23:40.004 +0000 [error] [benchmark_io 280] poll: Connection timed out
2024-04-26 07:23:40.330 +0000 [error] [benchmark_io 281] poll: Connection timed out
2024-04-26 07:23:40.655 +0000 [error] [benchmark_io 282] poll: Connection timed out
2024-04-26 07:23:40.980 +0000 [error] [benchmark_io 283] poll: Connection timed out
2024-04-26 07:23:41.303 +0000 [error] [benchmark_io 284] poll: Connection timed out
2024-04-26 07:23:41.628 +0000 [error] [benchmark_io 285] poll: Connection timed out
2024-04-26 07:23:41.953 +0000 [error] [benchmark_io 286] poll: Connection timed out
2024-04-26 07:23:42.275 +0000 [error] [benchmark_io 287] poll: Connection timed out
2024-04-26 07:23:42.597 +0000 [error] [benchmark_io 288] poll: Connection timed out
2024-04-26 07:23:42.919 +0000 [error] [benchmark_io 289] poll: Connection timed out
2024-04-26 07:23:43.239 +0000 [error] [benchmark_io 290] poll: Connection timed out
2024-04-26 07:23:43.562 +0000 [error] [benchmark_io 291] poll: Connection timed out
2024-04-26 07:23:43.881 +0000 [error] [benchmark_io 292] poll: Connection timed out
2024-04-26 07:23:44.201 +0000 [error] [benchmark_io 293] poll: Connection timed out
2024-04-26 07:23:44.520 +0000 [error] [benchmark_io 294] poll: Connection timed out
2024-04-26 07:23:44.838 +0000 [error] [benchmark_io 295] poll: Connection timed out
2024-04-26 07:23:45.157 +0000 [error] [benchmark_io 296] poll: Connection timed out
2024-04-26 07:23:45.476 +0000 [error] [benchmark_io 297] poll: Connection timed out
2024-04-26 07:23:45.793 +0000 [error] [benchmark_io 298] poll: Connection timed out
2024-04-26 07:23:46.110 +0000 [error] [benchmark_io 299] poll: Connection timed out
2024-04-26 07:23:46.427 +0000 [error] [benchmark_io 300] poll: Connection timed out
2024-04-26 07:23:46.742 +0000 [error] [benchmark_io 301] poll: Connection timed out
2024-04-26 07:23:47.057 +0000 [error] [benchmark_io 302] poll: Connection timed out
2024-04-26 07:23:47.373 +0000 [error] [benchmark_io 303] poll: Connection timed out
2024-04-26 07:23:47.688 +0000 [error] [benchmark_io 304] poll: Connection timed out
2024-04-26 07:23:47.902 +0000 [error] [benchmark_io 309] poll: Operation canceled
2024-04-26 07:23:47.902 +0000 [error] [benchmark_io 316] poll: Operation canceled
2024-04-26 07:23:47.902 +0000 [error] [benchmark_io 323] poll: Operation canceled
2024-04-26 07:23:47.902 +0000 [error] [benchmark_io 305] poll: Operation canceled
2024-04-26 07:23:47.902 +0000 [error] [benchmark_io 330] poll: Operation canceled
2024-04-26 07:23:47.902 +0000 [error] [monitor_io] bq_sleep: Operation canceled
2024-04-26 07:23:47.902 +0000 [error] [benchmark_io 312] poll: Operation canceled
2024-04-26 07:23:47.902 +0000 [error] [benchmark_io 337] poll: Operation canceled
2024-04-26 07:23:47.902 +0000 [error] [benchmark_io 319] poll: Operation canceled
2024-04-26 07:23:47.902 +0000 [error] [benchmark_io 326] poll: Operation canceled
2024-04-26 07:23:47.902 +0000 [error] [benchmark_io 308] poll: Operation canceled
2024-04-26 07:23:47.902 +0000 [error] [benchmark_io 306] poll: Operation canceled
2024-04-26 07:23:47.902 +0000 [error] [benchmark_io 333] poll: Operation canceled
2024-04-26 07:23:47.902 +0000 [error] [monitor_io] bq_sleep: Operation canceled
2024-04-26 07:23:47.902 +0000 [error] [benchmark_io stream_method brief_logger] bq_sleep: Operation canceled
2024-04-26 07:23:47.902 +0000 [error] [benchmark_io 340] poll: Operation canceled
2024-04-26 07:23:47.902 +0000 [error] [benchmark_io 315] poll: Operation canceled
2024-04-26 07:23:47.902 +0000 [error] [benchmark_io 307] poll: Operation canceled
2024-04-26 07:23:47.902 +0000 [error] [benchmark_io 313] poll: Operation canceled
2024-04-26 07:23:47.902 +0000 [error] [benchmark_io 322] poll: Operation canceled
2024-04-26 07:23:47.902 +0000 [error] [benchmark_io 314] poll: Operation canceled
2024-04-26 07:23:47.902 +0000 [error] [benchmark_io 320] poll: Operation canceled
2024-04-26 07:23:47.902 +0000 [error] [benchmark_io 329] poll: Operation canceled
2024-04-26 07:23:47.902 +0000 [error] [benchmark_io 327] poll: Operation canceled
2024-04-26 07:23:47.902 +0000 [error] [benchmark_io 321] poll: Operation canceled
2024-04-26 07:23:47.902 +0000 [error] [benchmark_io 311] poll: Operation canceled
2024-04-26 07:23:47.903 +0000 [error] [benchmark_io 336] poll: Operation canceled
2024-04-26 07:23:47.903 +0000 [error] [benchmark_io 334] poll: Operation canceled
2024-04-26 07:23:47.903 +0000 [error] [benchmark_io 328] poll: Operation canceled
2024-04-26 07:23:47.903 +0000 [error] [benchmark_io 318] poll: Operation canceled
2024-04-26 07:23:47.903 +0000 [error] [benchmark_io 335] poll: Operation canceled
2024-04-26 07:23:47.903 +0000 [error] [benchmark_io 325] poll: Operation canceled
2024-04-26 07:23:47.903 +0000 [error] [benchmark_io 332] poll: Operation canceled
2024-04-26 07:23:47.903 +0000 [error] [phantom_logger] bq_sleep: Operation canceled
2024-04-26 07:23:47.903 +0000 [error] [benchmark_io 339] poll: Operation canceled
2024-04-26 07:23:47.903 +0000 [error] [benchmark_io 310] poll: Operation canceled
2024-04-26 07:23:47.903 +0000 [error] [benchmark_io 317] poll: Operation canceled
2024-04-26 07:23:47.903 +0000 [error] [benchmark_io 324] poll: Operation canceled
2024-04-26 07:23:47.903 +0000 [error] [benchmark_io 331] poll: Operation canceled
2024-04-26 07:23:47.903 +0000 [error] [benchmark_io 338] poll: Operation canceled
2024-04-26 07:23:47.905 +0000 [error] [benchmark_io] cond-wait: Operation canceled
2024-04-26 07:23:47.906 +0000 [info] [] Exit
