1714114184.282	/mask/	1407	60	16	1231	100	1293	21	173	0	404
1714114185.275	localhost:8000	2972	187	59	2650	76	2700	22	173	0	404
1714114186.252	application/json	4667	239	66	3897	465	4196	30	173	0	404
1714114187.217	348	4602	204	67	3970	361	4181	32	173	0	404
1714114188.168	в	3260	230	88	2472	470	2786	36	118	0	400
1714114189.107	/mask/	4582	204	58	3888	432	4160	21	173	0	404
1714114190.033	localhost:8000	4645	216	88	3913	428	4176	22	173	0	404
1714114190.948	application/json	4648	196	52	3936	464	4264	30	173	0	404
1714114191.852	348	4752	234	54	3946	518	4311	32	173	0	404
1714114192.744	в	913	53	12	714	134	807	36	118	0	400
1714114193.627	/mask/	4663	189	49	4074	351	4284	21	173	0	404
1714114194.499	localhost:8000	4496	189	51	3882	374	4104	22	173	0	404
1714114195.361	application/json	2394	105	26	2044	219	2193	30	173	0	404
1714114196.214	348	4510	187	49	3918	356	4128	32	173	0	404
1714114197.057	в	3336	195	54	2556	531	2918	36	118	0	400
1714114197.892	/mask/	2056	110	33	1746	167	1859	21	173	0	404
1714114198.718	localhost:8000	2319	184	56	1995	84	2061	22	173	0	404
1714114199.537	application/json	2904	187	49	2583	85	2648	30	173	0	404
1714114200.347	348	1661	191	64	1311	95	1386	32	173	0	404
1714114201.148	в	980	67	12	786	115	853	36	118	0	400
1714114201.942	/mask/	4565	196	75	3872	422	4127	21	173	0	404
1714114202.729	localhost:8000	4558	202	75	3852	429	4140	22	173	0	404
1714114203.510	application/json	4755	188	50	4033	484	4345	30	173	0	404
1714114204.283	348	1247	54	12	1086	95	1142	32	173	0	404
1714114205.047	в	3392	191	50	2717	434	2986	36	118	0	400
1714114205.807	/mask/	4380	192	53	3745	390	4006	21	173	0	404
1714114206.559	localhost:8000	4752	188	49	4077	438	4362	22	173	0	404
1714114207.307	application/json	2781	194	56	2446	85	2514	30	173	0	404
1714114208.046	348	4676	194	59	4018	405	4305	32	173	0	404
1714114208.780	в	1016	69	14	808	125	901	36	118	0	400
1714114209.508	/mask/	4685	192	71	3926	496	4271	21	173	0	404
1714114210.231	localhost:8000	4715	187	48	4092	388	4351	22	173	0	404
1714114210.948	application/json	4819	227	51	4044	497	4397	30	173	0	404
1714114211.660	348	5391	198	59	4694	440	5013	32	173	0	404
1714114212.366	в	2450	147	36	1927	340	2165	36	118	0	400
1714114213.068	/mask/	2837	204	51	2486	96	2564	21	173	0	404
1714114213.763	localhost:8000	1329	68	13	1158	90	1220	22	173	0	404
1714114214.455	application/json	2780	187	49	2428	116	2523	30	173	0	404
1714114215.141	348	2737	187	51	2409	90	2478	32	173	0	404
1714114215.821	в	3442	194	48	2625	575	3063	36	118	0	400
1714114216.498	/mask/	2761	196	57	2421	87	2487	21	173	0	404
1714114217.169	localhost:8000	3116	194	51	2798	73	2849	22	173	0	404
1714114217.837	application/json	4655	189	50	4022	394	4281	30	173	0	404
1714114218.500	348	1359	65	13	1141	140	1250	32	173	0	404
1714114219.158	в	3285	192	74	2537	482	2879	36	118	0	400
1714114219.813	/mask/	1463	62	15	1243	143	1341	21	173	0	404
1714114220.463	localhost:8000	1208	53	11	1061	83	1118	22	173	0	404
1714114221.110	application/json	2726	201	49	2392	84	2455	30	173	0	404
1714114221.751	348	1831	88	21	1603	119	1668	32	173	0	404
1714114222.391	в	949	56	16	753	124	840	36	118	0	400
1714114223.024	/mask/	1977	86	16	1772	103	1835	21	173	0	404
1714114223.655	localhost:8000	3064	187	53	2741	83	2802	22	173	0	404
1714114224.282	application/json	2455	187	51	2080	137	2194	30	173	0	404
1714114224.905	348	1457	77	24	1277	79	1325	32	173	0	404
1714114225.524	в	3426	246	59	2599	522	2972	36	118	0	400
1714114226.140	/mask/	4688	216	51	3932	489	4264	21	173	0	404
1714114226.753	localhost:8000	4651	195	49	4030	377	4271	22	173	0	404
1714114227.362	application/json	1205	67	13	1041	84	1089	30	173	0	404
1714114227.968	348	4602	195	53	3969	385	4219	32	173	0	404
1714114228.570	в	3452	191	35	2761	465	3085	36	118	0	400
1714114229.171	/mask/	4604	195	51	3888	470	4227	21	173	0	404
1714114229.767	localhost:8000	2490	188	49	2153	100	2235	22	173	0	404
1714114230.358	application/json	2912	192	51	2590	79	2648	30	173	0	404
1714114230.948	348	1204	52	11	1059	82	1111	32	173	0	404
1714114231.536	в	1314	73	17	1019	205	1175	36	118	0	400
1714114232.119	/mask/	4692	193	61	3983	455	4316	21	173	0	404
1714114232.699	localhost:8000	1262	54	11	1148	49	1162	22	173	0	404
1714114233.278	application/json	5321	199	53	4580	489	4934	30	173	0	404
1714114233.852	348	1373	62	13	1176	122	1245	32	173	0	404
1714114234.424	в	948	55	11	694	188	851	36	118	0	400
1714114234.995	/mask/	4655	199	52	3997	407	4281	21	173	0	404
1714114235.561	localhost:8000	1285	57	11	1123	94	1177	22	173	0	404
1714114236.124	application/json	4809	219	52	4076	462	4380	30	173	0	404
1714114236.686	348	4729	183	49	4045	452	4355	32	173	0	404
1714114237.244	в	2422	194	53	2088	87	2149	36	118	0	400
1714114237.800	/mask/	1376	64	13	1193	106	1264	21	173	0	404
1714114238.354	localhost:8000	4634	193	50	3964	427	4251	22	173	0	404
1714114238.904	application/json	1302	53	11	1134	104	1211	30	173	0	404
1714114239.454	348	1329	49	11	1176	93	1229	32	173	0	404
1714114239.999	в	2228	117	31	1784	296	1986	36	118	0	400
1714114240.542	/mask/	1231	55	12	1068	96	1137	21	173	0	404
1714114241.084	localhost:8000	1338	65	11	1149	113	1247	22	173	0	404
1714114241.622	application/json	1890	83	26	1570	211	1710	30	173	0	404
1714114242.158	348	2842	104	26	2457	255	2630	32	173	0	404
1714114242.694	в	2167	195	51	1838	83	1898	36	118	0	400
1714114243.225	/mask/	2484	164	61	2106	153	2220	21	173	0	404
1714114243.754	localhost:8000	1230	63	12	1063	92	1114	22	173	0	404
1714114244.281	application/json	1283	62	16	1106	99	1170	30	173	0	404
1714114244.807	348	1318	56	13	1148	101	1216	32	173	0	404
1714114245.331	в	1798	109	25	1420	244	1579	36	118	0	400
1714114245.851	/mask/	4562	202	49	3893	418	4151	21	173	0	404
1714114246.370	localhost:8000	4582	199	52	3880	451	4165	22	173	0	404
1714114246.886	application/json	1460	197	52	1119	92	1185	30	173	0	404
1714114247.401	348	1242	71	12	1075	84	1144	32	173	0	404
1714114247.914	в	914	62	13	720	119	807	36	118	0	400
1714114248.424	/mask/	1256	51	10	1108	87	1166	21	173	0	404
1714114248.933	localhost:8000	1158	52	11	1003	92	1066	22	173	0	404
1714114249.440	application/json	1274	53	11	1087	123	1173	30	173	0	404
1714114249.944	348	1258	62	14	1079	103	1145	32	173	0	404
1714114250.447	в	940	55	11	737	137	830	36	118	0	400
1714114250.948	/mask/	1201	61	12	1030	98	1089	21	173	0	404
1714114251.447	localhost:8000	1311	58	12	1126	115	1195	22	173	0	404
1714114251.944	application/json	1562	63	14	1370	115	1447	30	173	0	404
1714114252.441	348	1287	56	12	1155	64	1185	32	173	0	404
1714114252.933	в	957	55	11	755	136	840	36	118	0	400
1714114253.425	/mask/	1313	71	9	1080	153	1200	21	173	0	404
1714114253.915	localhost:8000	1273	66	14	1105	88	1160	22	173	0	404
1714114254.403	application/json	1141	54	12	985	90	1040	30	173	0	404
1714114254.890	348	4553	189	49	3910	405	4153	32	173	0	404
1714114255.375	в	3450	191	49	2665	545	3074	36	118	0	400
1714114255.858	/mask/	1167	51	11	1008	97	1063	21	173	0	404
1714114256.339	localhost:8000	4585	187	52	3927	419	4226	22	173	0	404
1714114256.820	application/json	4476	195	52	3774	455	4102	30	173	0	404
1714114257.298	348	2243	188	53	1903	99	1978	32	173	0	404
1714114257.774	в	3304	174	47	2605	478	2936	36	118	0	400
1714114258.248	/mask/	4613	184	51	3887	491	4228	21	173	0	404
1714114258.723	localhost:8000	2961	192	54	2608	107	2689	22	173	0	404
1714114259.193	application/json	1814	75	17	1546	176	1660	30	173	0	404
1714114259.663	348	4687	186	51	3970	480	4306	32	173	0	404
1714114260.133	в	3085	162	39	2458	426	2732	36	118	0	400
1714114260.599	/mask/	2420	110	23	2099	188	2217	21	173	0	404
1714114261.064	localhost:8000	2383	113	51	1990	229	2144	22	173	0	404
1714114261.528	application/json	2338	92	23	1992	231	2162	30	173	0	404
1714114261.991	348	2274	107	26	2010	131	2097	32	173	0	404
1714114262.453	в	910	57	12	710	131	809	36	118	0	400
1714114262.911	/mask/	1177	55	14	1018	90	1078	21	173	0	404
1714114263.370	localhost:8000	1387	64	14	1173	136	1260	22	173	0	404
1714114263.827	application/json	1224	58	12	1067	87	1127	30	173	0	404
1714114264.283	348	1243	50	11	1111	71	1149	32	173	0	404
1714114264.735	в	3250	187	52	2470	541	2821	36	118	0	400
1714114265.188	/mask/	4702	207	55	3959	481	4316	21	173	0	404
1714114265.639	localhost:8000	1366	60	13	1189	104	1259	22	173	0	404
1714114266.090	application/json	1213	51	11	1025	126	1122	30	173	0	404
1714114266.537	348	4626	196	54	3893	483	4238	32	173	0	404
1714114266.984	в	857	54	11	689	103	764	36	118	0	400
1714114267.430	/mask/	1176	53	11	1010	102	1074	21	173	0	404
1714114267.874	localhost:8000	4574	191	51	3897	435	4213	22	173	0	404
1714114268.317	application/json	1834	72	16	1608	138	1720	30	173	0	404
1714114268.760	348	1248	70	13	1110	55	1130	32	173	0	404
1714114269.199	в	886	56	13	699	118	782	36	118	0	400
1714114269.638	/mask/	4609	189	51	3915	454	4230	21	173	0	404
1714114270.076	localhost:8000	1479	69	16	1271	123	1359	22	173	0	404
1714114270.513	application/json	1352	61	13	1171	107	1233	30	173	0	404
1714114270.948	348	1249	53	24	1058	114	1137	32	173	0	404
1714114271.382	в	3411	190	49	2603	569	2956	36	118	0	400
1714114271.815	/mask/	1850	84	19	1594	153	1694	21	173	0	404
1714114272.247	localhost:8000	4492	191	52	3898	351	4104	22	173	0	404
1714114272.678	application/json	4475	193	56	3828	398	4084	30	173	0	404
1714114273.107	348	1235	54	12	1113	56	1139	32	173	0	404
1714114273.535	в	3372	191	50	2640	491	2980	36	118	0	400
1714114273.962	/mask/	2056	98	24	1738	196	1876	21	173	0	404
1714114274.388	localhost:8000	3112	193	49	2789	81	2846	22	173	0	404
1714114274.813	application/json	4520	206	76	3862	376	4087	30	173	0	404
1714114275.236	348	2078	95	21	1791	171	1906	32	173	0	404
1714114275.658	в	3402	196	49	2683	474	3023	36	118	0	400
1714114276.080	/mask/	1604	61	13	1432	98	1497	21	173	0	404
1714114276.501	localhost:8000	1525	69	14	1317	125	1397	22	173	0	404
1714114276.920	application/json	1466	66	21	1269	110	1336	30	173	0	404
1714114277.337	348	1209	52	11	1080	66	1104	32	173	0	404
1714114277.754	в	1006	63	14	833	96	889	36	118	0	400
1714114278.169	/mask/	4473	195	52	3875	351	4084	21	173	0	404
1714114278.584	localhost:8000	1653	76	25	1383	169	1512	22	173	0	404
1714114278.998	application/json	1182	57	12	1024	89	1081	30	173	0	404
1714114279.410	348	2154	181	51	1813	109	1881	32	173	0	404
1714114279.822	в	3389	196	74	2654	465	2957	36	118	0	400
1714114280.232	/mask/	4636	197	48	3919	472	4245	21	173	0	404
1714114280.642	localhost:8000	4575	197	50	3900	428	4183	22	173	0	404
1714114281.050	application/json	1226	53	11	1078	84	1134	30	173	0	404
1714114281.458	348	1233	55	12	1050	116	1130	32	173	0	404
1714114281.864	в	3411	193	50	2560	608	2999	36	118	0	400
1714114282.269	/mask/	4490	190	50	3881	369	4110	21	173	0	404
1714114282.674	localhost:8000	1149	53	12	999	85	1052	22	173	0	404
1714114283.077	application/json	1368	53	11	1205	99	1275	30	173	0	404
1714114283.481	348	1256	56	11	1075	114	1132	32	173	0	404
1714114283.881	в	3411	191	50	2665	505	3025	36	118	0	400
1714114284.283	/mask/	2765	102	24	2342	297	2533	21	173	0	404
